   0.0 TL | Telepresence launched at Thu Jun  7 11:59:47 2018
   0.0 TL |   ['/usr/local/bin/telepresence', '--namespace', 'kyma-integration', '--swap-deployment', 'dj-test-gateway:dj-test-gateway', '--run-shell']
   0.1 TL | BEGIN SPAN main.py:408(go)
   0.1 TL | Scout info: {'latest_version': '0.88', 'application': 'telepresence', 'notices': []}
   0.1 TL | Context: minikube, namespace: kyma-integration, kubectl_command: kubectl
   0.1 TL | Looks like we're in a local VM, e.g. minikube.
   0.1 TL | [1] Capturing: ['kubectl', '--context', 'minikube', 'cluster-info']...
   0.3 TL | [1] captured.
   0.3 TL | [2] Capturing: ['ssh', '-V']...
   0.4 TL | [2] captured.
   0.4 TL | [3] Capturing: ['which', 'torsocks']...
   0.4 TL | [3] captured.
   0.4 TL | [4] Capturing: ['which', 'sshfs']...
   0.4 TL | [4] captured.
   0.4 TL | BEGIN SPAN main.py:230(start_proxy)
   0.4 TL | BEGIN SPAN deployment.py:86(swap_deployment)
   0.4 TL | [5] Capturing: ['kubectl', '--context', 'minikube', '--namespace', 'kyma-integration', 'get', 'deployment', '-o', 'json', '--export', 'dj-test-gateway']...
   0.6 TL | [5] captured.
   0.6 TL | [6] Running: ['kubectl', '--context', 'minikube', '--namespace', 'kyma-integration', 'delete', 'deployment', 'dj-test-gateway']...
   4.7 6 | deployment "dj-test-gateway" deleted
   4.7 TL | [6] ran.
   4.7 TL | [7] Running: ['kubectl', '--context', 'minikube', '--namespace', 'kyma-integration', 'apply', '-f', '-']...
   5.0 TL | [7] ran.
   5.0 TL | END SPAN deployment.py:86(swap_deployment)    4.6s
   5.0 TL | BEGIN SPAN remote.py:148(get_remote_info)
   5.0 TL | [8] Capturing: ['kubectl', '--context', 'minikube', '--namespace', 'kyma-integration', 'get', 'deployment', '-o', 'json', '--export', '--selector=telepresence=bf6aeb3f-e420-48ac-98ac-c7a21b4553d8']...
   5.2 TL | [8] captured.
   5.2 TL | Expected metadata for pods: {'annotations': {'sidecar.istio.io/inject': 'true'}, 'creationTimestamp': None, 'labels': {'app': 'dj-test-gateway', 'release': 'dj-test-gateway', 'telepresence': 'bf6aeb3f-e420-48ac-98ac-c7a21b4553d8'}}
   5.2 TL | [9] Capturing: ['kubectl', '--context', 'minikube', '--namespace', 'kyma-integration', 'get', 'pod', '-o', 'json', '--export']...
   5.8 TL | [9] captured.
   5.9 TL | Checking {'app': 'dj-test-gateway', 'pod-template-hash': '308556081', 'release': 'dj-test-gateway', 'telepresence': 'bf6aeb3f-e420-48ac-98ac-c7a21b4553d8'} (phase Pending)...
   5.9 TL | Looks like we've found our pod!
   5.9 TL | [10] Capturing: ['kubectl', '--context', 'minikube', '--namespace', 'kyma-integration', 'get', 'pod', 'dj-test-gateway-74d99b4d5-nrt6c', '-o', 'json']...
   6.2 TL | [10] captured.
   6.5 TL | [11] Capturing: ['kubectl', '--context', 'minikube', '--namespace', 'kyma-integration', 'get', 'pod', 'dj-test-gateway-74d99b4d5-nrt6c', '-o', 'json']...
   7.3 TL | [11] captured.
   7.6 TL | [12] Capturing: ['kubectl', '--context', 'minikube', '--namespace', 'kyma-integration', 'get', 'pod', 'dj-test-gateway-74d99b4d5-nrt6c', '-o', 'json']...
   8.0 TL | [12] captured.
   8.3 TL | [13] Capturing: ['kubectl', '--context', 'minikube', '--namespace', 'kyma-integration', 'get', 'pod', 'dj-test-gateway-74d99b4d5-nrt6c', '-o', 'json']...
  11.5 TL | [13] captured.
  11.7 TL | [14] Capturing: ['kubectl', '--context', 'minikube', '--namespace', 'kyma-integration', 'get', 'pod', 'dj-test-gateway-74d99b4d5-nrt6c', '-o', 'json']...
  12.0 TL | [14] captured.
  12.3 TL | [15] Capturing: ['kubectl', '--context', 'minikube', '--namespace', 'kyma-integration', 'get', 'pod', 'dj-test-gateway-74d99b4d5-nrt6c', '-o', 'json']...
  12.6 TL | [15] captured.
  12.8 TL | [16] Capturing: ['kubectl', '--context', 'minikube', '--namespace', 'kyma-integration', 'get', 'pod', 'dj-test-gateway-74d99b4d5-nrt6c', '-o', 'json']...
  13.1 TL | [16] captured.
  13.3 TL | [17] Capturing: ['kubectl', '--context', 'minikube', '--namespace', 'kyma-integration', 'get', 'pod', 'dj-test-gateway-74d99b4d5-nrt6c', '-o', 'json']...
  13.7 TL | [17] captured.
  14.0 TL | [18] Capturing: ['kubectl', '--context', 'minikube', '--namespace', 'kyma-integration', 'get', 'pod', 'dj-test-gateway-74d99b4d5-nrt6c', '-o', 'json']...
  14.4 TL | [18] captured.
  14.7 TL | [19] Capturing: ['kubectl', '--context', 'minikube', '--namespace', 'kyma-integration', 'get', 'pod', 'dj-test-gateway-74d99b4d5-nrt6c', '-o', 'json']...
  15.1 TL | [19] captured.
  15.4 TL | [20] Capturing: ['kubectl', '--context', 'minikube', '--namespace', 'kyma-integration', 'get', 'pod', 'dj-test-gateway-74d99b4d5-nrt6c', '-o', 'json']...
  15.7 TL | [20] captured.
  15.9 TL | [21] Capturing: ['kubectl', '--context', 'minikube', '--namespace', 'kyma-integration', 'get', 'pod', 'dj-test-gateway-74d99b4d5-nrt6c', '-o', 'json']...
  16.2 TL | [21] captured.
  16.5 TL | [22] Capturing: ['kubectl', '--context', 'minikube', '--namespace', 'kyma-integration', 'get', 'pod', 'dj-test-gateway-74d99b4d5-nrt6c', '-o', 'json']...
  17.0 TL | [22] captured.
  17.3 TL | [23] Capturing: ['kubectl', '--context', 'minikube', '--namespace', 'kyma-integration', 'get', 'pod', 'dj-test-gateway-74d99b4d5-nrt6c', '-o', 'json']...
  17.5 TL | [23] captured.
  17.7 TL | [24] Capturing: ['kubectl', '--context', 'minikube', '--namespace', 'kyma-integration', 'get', 'pod', 'dj-test-gateway-74d99b4d5-nrt6c', '-o', 'json']...
  18.6 TL | [24] captured.
  18.9 TL | [25] Capturing: ['kubectl', '--context', 'minikube', '--namespace', 'kyma-integration', 'get', 'pod', 'dj-test-gateway-74d99b4d5-nrt6c', '-o', 'json']...
  19.2 TL | [25] captured.
  19.5 TL | [26] Capturing: ['kubectl', '--context', 'minikube', '--namespace', 'kyma-integration', 'get', 'pod', 'dj-test-gateway-74d99b4d5-nrt6c', '-o', 'json']...
  19.7 TL | [26] captured.
  20.0 TL | [27] Capturing: ['kubectl', '--context', 'minikube', '--namespace', 'kyma-integration', 'get', 'pod', 'dj-test-gateway-74d99b4d5-nrt6c', '-o', 'json']...
  20.3 TL | [27] captured.
  20.5 TL | [28] Capturing: ['kubectl', '--context', 'minikube', '--namespace', 'kyma-integration', 'get', 'pod', 'dj-test-gateway-74d99b4d5-nrt6c', '-o', 'json']...
  20.7 TL | [28] captured.
  21.0 TL | [29] Capturing: ['kubectl', '--context', 'minikube', '--namespace', 'kyma-integration', 'get', 'pod', 'dj-test-gateway-74d99b4d5-nrt6c', '-o', 'json']...
  21.2 TL | [29] captured.
  21.5 TL | [30] Capturing: ['kubectl', '--context', 'minikube', '--namespace', 'kyma-integration', 'get', 'pod', 'dj-test-gateway-74d99b4d5-nrt6c', '-o', 'json']...
  21.7 TL | [30] captured.
  21.9 TL | [31] Capturing: ['kubectl', '--context', 'minikube', '--namespace', 'kyma-integration', 'get', 'pod', 'dj-test-gateway-74d99b4d5-nrt6c', '-o', 'json']...
  22.1 TL | [31] captured.
  22.4 TL | [32] Capturing: ['kubectl', '--context', 'minikube', '--namespace', 'kyma-integration', 'get', 'pod', 'dj-test-gateway-74d99b4d5-nrt6c', '-o', 'json']...
  22.6 TL | [32] captured.
  22.9 TL | [33] Capturing: ['kubectl', '--context', 'minikube', '--namespace', 'kyma-integration', 'get', 'pod', 'dj-test-gateway-74d99b4d5-nrt6c', '-o', 'json']...
  23.2 TL | [33] captured.
  23.4 TL | [34] Capturing: ['kubectl', '--context', 'minikube', '--namespace', 'kyma-integration', 'get', 'pod', 'dj-test-gateway-74d99b4d5-nrt6c', '-o', 'json']...
  23.7 TL | [34] captured.
  24.0 TL | [35] Capturing: ['kubectl', '--context', 'minikube', '--namespace', 'kyma-integration', 'get', 'pod', 'dj-test-gateway-74d99b4d5-nrt6c', '-o', 'json']...
  24.5 TL | [35] captured.
  24.7 TL | [36] Capturing: ['kubectl', '--context', 'minikube', '--namespace', 'kyma-integration', 'get', 'pod', 'dj-test-gateway-74d99b4d5-nrt6c', '-o', 'json']...
  25.2 TL | [36] captured.
  25.4 TL | [37] Capturing: ['kubectl', '--context', 'minikube', '--namespace', 'kyma-integration', 'get', 'pod', 'dj-test-gateway-74d99b4d5-nrt6c', '-o', 'json']...
  25.8 TL | [37] captured.
  26.1 TL | [38] Capturing: ['kubectl', '--context', 'minikube', '--namespace', 'kyma-integration', 'get', 'pod', 'dj-test-gateway-74d99b4d5-nrt6c', '-o', 'json']...
  26.3 TL | [38] captured.
  26.6 TL | [39] Capturing: ['kubectl', '--context', 'minikube', '--namespace', 'kyma-integration', 'get', 'pod', 'dj-test-gateway-74d99b4d5-nrt6c', '-o', 'json']...
  26.8 TL | [39] captured.
  27.1 TL | [40] Capturing: ['kubectl', '--context', 'minikube', '--namespace', 'kyma-integration', 'get', 'pod', 'dj-test-gateway-74d99b4d5-nrt6c', '-o', 'json']...
  27.3 TL | [40] captured.
  27.6 TL | [41] Capturing: ['kubectl', '--context', 'minikube', '--namespace', 'kyma-integration', 'get', 'pod', 'dj-test-gateway-74d99b4d5-nrt6c', '-o', 'json']...
  27.8 TL | [41] captured.
  28.1 TL | [42] Capturing: ['kubectl', '--context', 'minikube', '--namespace', 'kyma-integration', 'get', 'pod', 'dj-test-gateway-74d99b4d5-nrt6c', '-o', 'json']...
  28.3 TL | [42] captured.
  28.5 TL | [43] Capturing: ['kubectl', '--context', 'minikube', '--namespace', 'kyma-integration', 'get', 'pod', 'dj-test-gateway-74d99b4d5-nrt6c', '-o', 'json']...
  28.7 TL | [43] captured.
  29.0 TL | [44] Capturing: ['kubectl', '--context', 'minikube', '--namespace', 'kyma-integration', 'get', 'pod', 'dj-test-gateway-74d99b4d5-nrt6c', '-o', 'json']...
  29.2 TL | [44] captured.
  29.5 TL | [45] Capturing: ['kubectl', '--context', 'minikube', '--namespace', 'kyma-integration', 'get', 'pod', 'dj-test-gateway-74d99b4d5-nrt6c', '-o', 'json']...
  29.6 TL | [45] captured.
  29.9 TL | [46] Capturing: ['kubectl', '--context', 'minikube', '--namespace', 'kyma-integration', 'get', 'pod', 'dj-test-gateway-74d99b4d5-nrt6c', '-o', 'json']...
  30.1 TL | [46] captured.
  30.4 TL | [47] Capturing: ['kubectl', '--context', 'minikube', '--namespace', 'kyma-integration', 'get', 'pod', 'dj-test-gateway-74d99b4d5-nrt6c', '-o', 'json']...
  30.6 TL | [47] captured.
  30.9 TL | [48] Capturing: ['kubectl', '--context', 'minikube', '--namespace', 'kyma-integration', 'get', 'pod', 'dj-test-gateway-74d99b4d5-nrt6c', '-o', 'json']...
  31.1 TL | [48] captured.
  31.4 TL | [49] Capturing: ['kubectl', '--context', 'minikube', '--namespace', 'kyma-integration', 'get', 'pod', 'dj-test-gateway-74d99b4d5-nrt6c', '-o', 'json']...
  31.7 TL | [49] captured.
  31.9 TL | [50] Capturing: ['kubectl', '--context', 'minikube', '--namespace', 'kyma-integration', 'get', 'pod', 'dj-test-gateway-74d99b4d5-nrt6c', '-o', 'json']...
  32.6 TL | [50] captured.
  32.8 TL | [51] Capturing: ['kubectl', '--context', 'minikube', '--namespace', 'kyma-integration', 'get', 'pod', 'dj-test-gateway-74d99b4d5-nrt6c', '-o', 'json']...
  33.1 TL | [51] captured.
  33.3 TL | [52] Capturing: ['kubectl', '--context', 'minikube', '--namespace', 'kyma-integration', 'get', 'pod', 'dj-test-gateway-74d99b4d5-nrt6c', '-o', 'json']...
  33.6 TL | [52] captured.
  33.8 TL | [53] Capturing: ['kubectl', '--context', 'minikube', '--namespace', 'kyma-integration', 'get', 'pod', 'dj-test-gateway-74d99b4d5-nrt6c', '-o', 'json']...
  34.0 TL | [53] captured.
  34.3 TL | [54] Capturing: ['kubectl', '--context', 'minikube', '--namespace', 'kyma-integration', 'get', 'pod', 'dj-test-gateway-74d99b4d5-nrt6c', '-o', 'json']...
  34.5 TL | [54] captured.
  34.8 TL | [55] Capturing: ['kubectl', '--context', 'minikube', '--namespace', 'kyma-integration', 'get', 'pod', 'dj-test-gateway-74d99b4d5-nrt6c', '-o', 'json']...
  35.0 TL | [55] captured.
  35.2 TL | [56] Capturing: ['kubectl', '--context', 'minikube', '--namespace', 'kyma-integration', 'get', 'pod', 'dj-test-gateway-74d99b4d5-nrt6c', '-o', 'json']...
  35.4 TL | [56] captured.
  35.7 TL | [57] Capturing: ['kubectl', '--context', 'minikube', '--namespace', 'kyma-integration', 'get', 'pod', 'dj-test-gateway-74d99b4d5-nrt6c', '-o', 'json']...
  35.9 TL | [57] captured.
  36.1 TL | [58] Capturing: ['kubectl', '--context', 'minikube', '--namespace', 'kyma-integration', 'get', 'pod', 'dj-test-gateway-74d99b4d5-nrt6c', '-o', 'json']...
  36.3 TL | [58] captured.
  36.6 TL | [59] Capturing: ['kubectl', '--context', 'minikube', '--namespace', 'kyma-integration', 'get', 'pod', 'dj-test-gateway-74d99b4d5-nrt6c', '-o', 'json']...
  36.8 TL | [59] captured.
  37.0 TL | [60] Capturing: ['kubectl', '--context', 'minikube', '--namespace', 'kyma-integration', 'get', 'pod', 'dj-test-gateway-74d99b4d5-nrt6c', '-o', 'json']...
  37.2 TL | [60] captured.
  37.4 TL | [61] Capturing: ['kubectl', '--context', 'minikube', '--namespace', 'kyma-integration', 'get', 'pod', 'dj-test-gateway-74d99b4d5-nrt6c', '-o', 'json']...
  37.6 TL | [61] captured.
  37.8 TL | [62] Capturing: ['kubectl', '--context', 'minikube', '--namespace', 'kyma-integration', 'get', 'pod', 'dj-test-gateway-74d99b4d5-nrt6c', '-o', 'json']...
  38.0 TL | [62] captured.
  38.2 TL | [63] Capturing: ['kubectl', '--context', 'minikube', '--namespace', 'kyma-integration', 'get', 'pod', 'dj-test-gateway-74d99b4d5-nrt6c', '-o', 'json']...
  38.3 TL | [63] captured.
  38.6 TL | [64] Capturing: ['kubectl', '--context', 'minikube', '--namespace', 'kyma-integration', 'get', 'pod', 'dj-test-gateway-74d99b4d5-nrt6c', '-o', 'json']...
  38.7 TL | [64] captured.
  39.0 TL | [65] Capturing: ['kubectl', '--context', 'minikube', '--namespace', 'kyma-integration', 'get', 'pod', 'dj-test-gateway-74d99b4d5-nrt6c', '-o', 'json']...
  39.1 TL | [65] captured.
  39.4 TL | [66] Capturing: ['kubectl', '--context', 'minikube', '--namespace', 'kyma-integration', 'get', 'pod', 'dj-test-gateway-74d99b4d5-nrt6c', '-o', 'json']...
  39.5 TL | [66] captured.
  39.8 TL | [67] Capturing: ['kubectl', '--context', 'minikube', '--namespace', 'kyma-integration', 'get', 'pod', 'dj-test-gateway-74d99b4d5-nrt6c', '-o', 'json']...
  39.9 TL | [67] captured.
  40.2 TL | [68] Capturing: ['kubectl', '--context', 'minikube', '--namespace', 'kyma-integration', 'get', 'pod', 'dj-test-gateway-74d99b4d5-nrt6c', '-o', 'json']...
  40.4 TL | [68] captured.
  40.7 TL | [69] Capturing: ['kubectl', '--context', 'minikube', '--namespace', 'kyma-integration', 'get', 'pod', 'dj-test-gateway-74d99b4d5-nrt6c', '-o', 'json']...
  40.9 TL | [69] captured.
  41.1 TL | [70] Capturing: ['kubectl', '--context', 'minikube', '--namespace', 'kyma-integration', 'get', 'pod', 'dj-test-gateway-74d99b4d5-nrt6c', '-o', 'json']...
  41.3 TL | [70] captured.
  41.6 TL | [71] Capturing: ['kubectl', '--context', 'minikube', '--namespace', 'kyma-integration', 'get', 'pod', 'dj-test-gateway-74d99b4d5-nrt6c', '-o', 'json']...
  41.8 TL | [71] captured.
  42.0 TL | [72] Capturing: ['kubectl', '--context', 'minikube', '--namespace', 'kyma-integration', 'get', 'pod', 'dj-test-gateway-74d99b4d5-nrt6c', '-o', 'json']...
  42.2 TL | [72] captured.
  42.4 TL | [73] Capturing: ['kubectl', '--context', 'minikube', '--namespace', 'kyma-integration', 'get', 'pod', 'dj-test-gateway-74d99b4d5-nrt6c', '-o', 'json']...
  42.6 TL | [73] captured.
  42.8 TL | [74] Capturing: ['kubectl', '--context', 'minikube', '--namespace', 'kyma-integration', 'get', 'pod', 'dj-test-gateway-74d99b4d5-nrt6c', '-o', 'json']...
  43.0 TL | [74] captured.
  43.2 TL | [75] Capturing: ['kubectl', '--context', 'minikube', '--namespace', 'kyma-integration', 'get', 'pod', 'dj-test-gateway-74d99b4d5-nrt6c', '-o', 'json']...
  43.4 TL | [75] captured.
  43.6 TL | [76] Capturing: ['kubectl', '--context', 'minikube', '--namespace', 'kyma-integration', 'get', 'pod', 'dj-test-gateway-74d99b4d5-nrt6c', '-o', 'json']...
  43.8 TL | [76] captured.
  44.0 TL | [77] Capturing: ['kubectl', '--context', 'minikube', '--namespace', 'kyma-integration', 'get', 'pod', 'dj-test-gateway-74d99b4d5-nrt6c', '-o', 'json']...
  44.2 TL | [77] captured.
  44.4 TL | [78] Capturing: ['kubectl', '--context', 'minikube', '--namespace', 'kyma-integration', 'get', 'pod', 'dj-test-gateway-74d99b4d5-nrt6c', '-o', 'json']...
  44.6 TL | [78] captured.
  44.8 TL | [79] Capturing: ['kubectl', '--context', 'minikube', '--namespace', 'kyma-integration', 'get', 'pod', 'dj-test-gateway-74d99b4d5-nrt6c', '-o', 'json']...
  45.0 TL | [79] captured.
  45.2 TL | [80] Capturing: ['kubectl', '--context', 'minikube', '--namespace', 'kyma-integration', 'get', 'pod', 'dj-test-gateway-74d99b4d5-nrt6c', '-o', 'json']...
  45.4 TL | [80] captured.
  45.6 TL | [81] Capturing: ['kubectl', '--context', 'minikube', '--namespace', 'kyma-integration', 'get', 'pod', 'dj-test-gateway-74d99b4d5-nrt6c', '-o', 'json']...
  45.8 TL | [81] captured.
  46.0 TL | [82] Capturing: ['kubectl', '--context', 'minikube', '--namespace', 'kyma-integration', 'get', 'pod', 'dj-test-gateway-74d99b4d5-nrt6c', '-o', 'json']...
  46.2 TL | [82] captured.
  46.5 TL | [83] Capturing: ['kubectl', '--context', 'minikube', '--namespace', 'kyma-integration', 'get', 'pod', 'dj-test-gateway-74d99b4d5-nrt6c', '-o', 'json']...
  46.6 TL | [83] captured.
  46.8 TL | [84] Capturing: ['kubectl', '--context', 'minikube', '--namespace', 'kyma-integration', 'get', 'pod', 'dj-test-gateway-74d99b4d5-nrt6c', '-o', 'json']...
  47.0 TL | [84] captured.
  47.3 TL | [85] Capturing: ['kubectl', '--context', 'minikube', '--namespace', 'kyma-integration', 'get', 'pod', 'dj-test-gateway-74d99b4d5-nrt6c', '-o', 'json']...
  47.4 TL | [85] captured.
  47.6 TL | [86] Capturing: ['kubectl', '--context', 'minikube', '--namespace', 'kyma-integration', 'get', 'pod', 'dj-test-gateway-74d99b4d5-nrt6c', '-o', 'json']...
  47.8 TL | [86] captured.
  48.0 TL | [87] Capturing: ['kubectl', '--context', 'minikube', '--namespace', 'kyma-integration', 'get', 'pod', 'dj-test-gateway-74d99b4d5-nrt6c', '-o', 'json']...
  48.2 TL | [87] captured.
  48.4 TL | [88] Capturing: ['kubectl', '--context', 'minikube', '--namespace', 'kyma-integration', 'get', 'pod', 'dj-test-gateway-74d99b4d5-nrt6c', '-o', 'json']...
  48.6 TL | [88] captured.
  48.9 TL | [89] Capturing: ['kubectl', '--context', 'minikube', '--namespace', 'kyma-integration', 'get', 'pod', 'dj-test-gateway-74d99b4d5-nrt6c', '-o', 'json']...
  49.0 TL | [89] captured.
  49.3 TL | [90] Capturing: ['kubectl', '--context', 'minikube', '--namespace', 'kyma-integration', 'get', 'pod', 'dj-test-gateway-74d99b4d5-nrt6c', '-o', 'json']...
  49.4 TL | [90] captured.
  49.6 TL | [91] Capturing: ['kubectl', '--context', 'minikube', '--namespace', 'kyma-integration', 'get', 'pod', 'dj-test-gateway-74d99b4d5-nrt6c', '-o', 'json']...
  49.8 TL | [91] captured.
  50.1 TL | [92] Capturing: ['kubectl', '--context', 'minikube', '--namespace', 'kyma-integration', 'get', 'pod', 'dj-test-gateway-74d99b4d5-nrt6c', '-o', 'json']...
  50.2 TL | [92] captured.
  50.4 TL | [93] Capturing: ['kubectl', '--context', 'minikube', '--namespace', 'kyma-integration', 'get', 'pod', 'dj-test-gateway-74d99b4d5-nrt6c', '-o', 'json']...
  50.6 TL | [93] captured.
  50.8 TL | [94] Capturing: ['kubectl', '--context', 'minikube', '--namespace', 'kyma-integration', 'get', 'pod', 'dj-test-gateway-74d99b4d5-nrt6c', '-o', 'json']...
  51.0 TL | [94] captured.
  51.3 TL | [95] Capturing: ['kubectl', '--context', 'minikube', '--namespace', 'kyma-integration', 'get', 'pod', 'dj-test-gateway-74d99b4d5-nrt6c', '-o', 'json']...
  51.5 TL | [95] captured.
  51.7 TL | [96] Capturing: ['kubectl', '--context', 'minikube', '--namespace', 'kyma-integration', 'get', 'pod', 'dj-test-gateway-74d99b4d5-nrt6c', '-o', 'json']...
  51.9 TL | [96] captured.
  52.1 TL | [97] Capturing: ['kubectl', '--context', 'minikube', '--namespace', 'kyma-integration', 'get', 'pod', 'dj-test-gateway-74d99b4d5-nrt6c', '-o', 'json']...
  52.3 TL | [97] captured.
  52.5 TL | [98] Capturing: ['kubectl', '--context', 'minikube', '--namespace', 'kyma-integration', 'get', 'pod', 'dj-test-gateway-74d99b4d5-nrt6c', '-o', 'json']...
  52.7 TL | [98] captured.
  52.9 TL | [99] Capturing: ['kubectl', '--context', 'minikube', '--namespace', 'kyma-integration', 'get', 'pod', 'dj-test-gateway-74d99b4d5-nrt6c', '-o', 'json']...
  53.1 TL | [99] captured.
  53.3 TL | [100] Capturing: ['kubectl', '--context', 'minikube', '--namespace', 'kyma-integration', 'get', 'pod', 'dj-test-gateway-74d99b4d5-nrt6c', '-o', 'json']...
  53.4 TL | [100] captured.
  53.7 TL | [101] Capturing: ['kubectl', '--context', 'minikube', '--namespace', 'kyma-integration', 'get', 'pod', 'dj-test-gateway-74d99b4d5-nrt6c', '-o', 'json']...
  53.8 TL | [101] captured.
  54.1 TL | [102] Capturing: ['kubectl', '--context', 'minikube', '--namespace', 'kyma-integration', 'get', 'pod', 'dj-test-gateway-74d99b4d5-nrt6c', '-o', 'json']...
  54.2 TL | [102] captured.
  54.5 TL | [103] Capturing: ['kubectl', '--context', 'minikube', '--namespace', 'kyma-integration', 'get', 'pod', 'dj-test-gateway-74d99b4d5-nrt6c', '-o', 'json']...
  54.6 TL | [103] captured.
  54.9 TL | [104] Capturing: ['kubectl', '--context', 'minikube', '--namespace', 'kyma-integration', 'get', 'pod', 'dj-test-gateway-74d99b4d5-nrt6c', '-o', 'json']...
  55.0 TL | [104] captured.
  55.3 TL | [105] Capturing: ['kubectl', '--context', 'minikube', '--namespace', 'kyma-integration', 'get', 'pod', 'dj-test-gateway-74d99b4d5-nrt6c', '-o', 'json']...
  55.4 TL | [105] captured.
  55.6 TL | [106] Capturing: ['kubectl', '--context', 'minikube', '--namespace', 'kyma-integration', 'get', 'pod', 'dj-test-gateway-74d99b4d5-nrt6c', '-o', 'json']...
  55.8 TL | [106] captured.
  56.0 TL | [107] Capturing: ['kubectl', '--context', 'minikube', '--namespace', 'kyma-integration', 'get', 'pod', 'dj-test-gateway-74d99b4d5-nrt6c', '-o', 'json']...
  56.2 TL | [107] captured.
  56.5 TL | [108] Capturing: ['kubectl', '--context', 'minikube', '--namespace', 'kyma-integration', 'get', 'pod', 'dj-test-gateway-74d99b4d5-nrt6c', '-o', 'json']...
  56.6 TL | [108] captured.
  56.9 TL | [109] Capturing: ['kubectl', '--context', 'minikube', '--namespace', 'kyma-integration', 'get', 'pod', 'dj-test-gateway-74d99b4d5-nrt6c', '-o', 'json']...
  57.0 TL | [109] captured.
  57.3 TL | [110] Capturing: ['kubectl', '--context', 'minikube', '--namespace', 'kyma-integration', 'get', 'pod', 'dj-test-gateway-74d99b4d5-nrt6c', '-o', 'json']...
  57.5 TL | [110] captured.
  57.7 TL | [111] Capturing: ['kubectl', '--context', 'minikube', '--namespace', 'kyma-integration', 'get', 'pod', 'dj-test-gateway-74d99b4d5-nrt6c', '-o', 'json']...
  57.9 TL | [111] captured.
  58.1 TL | [112] Capturing: ['kubectl', '--context', 'minikube', '--namespace', 'kyma-integration', 'get', 'pod', 'dj-test-gateway-74d99b4d5-nrt6c', '-o', 'json']...
  58.3 TL | [112] captured.
  58.6 TL | [113] Capturing: ['kubectl', '--context', 'minikube', '--namespace', 'kyma-integration', 'get', 'pod', 'dj-test-gateway-74d99b4d5-nrt6c', '-o', 'json']...
  58.8 TL | [113] captured.
  59.0 TL | [114] Capturing: ['kubectl', '--context', 'minikube', '--namespace', 'kyma-integration', 'get', 'pod', 'dj-test-gateway-74d99b4d5-nrt6c', '-o', 'json']...
  59.2 TL | [114] captured.
  59.4 TL | [115] Capturing: ['kubectl', '--context', 'minikube', '--namespace', 'kyma-integration', 'get', 'pod', 'dj-test-gateway-74d99b4d5-nrt6c', '-o', 'json']...
  59.6 TL | [115] captured.
  59.8 TL | [116] Capturing: ['kubectl', '--context', 'minikube', '--namespace', 'kyma-integration', 'get', 'pod', 'dj-test-gateway-74d99b4d5-nrt6c', '-o', 'json']...
  60.0 TL | [116] captured.
  60.2 TL | [117] Capturing: ['kubectl', '--context', 'minikube', '--namespace', 'kyma-integration', 'get', 'pod', 'dj-test-gateway-74d99b4d5-nrt6c', '-o', 'json']...
  60.4 TL | [117] captured.
  60.7 TL | [118] Capturing: ['kubectl', '--context', 'minikube', '--namespace', 'kyma-integration', 'get', 'pod', 'dj-test-gateway-74d99b4d5-nrt6c', '-o', 'json']...
  60.8 TL | [118] captured.
  61.1 TL | [119] Capturing: ['kubectl', '--context', 'minikube', '--namespace', 'kyma-integration', 'get', 'pod', 'dj-test-gateway-74d99b4d5-nrt6c', '-o', 'json']...
  61.2 TL | [119] captured.
  61.5 TL | [120] Capturing: ['kubectl', '--context', 'minikube', '--namespace', 'kyma-integration', 'get', 'pod', 'dj-test-gateway-74d99b4d5-nrt6c', '-o', 'json']...
  61.6 TL | [120] captured.
  61.9 TL | [121] Capturing: ['kubectl', '--context', 'minikube', '--namespace', 'kyma-integration', 'get', 'pod', 'dj-test-gateway-74d99b4d5-nrt6c', '-o', 'json']...
  62.0 TL | [121] captured.
  62.3 TL | [122] Capturing: ['kubectl', '--context', 'minikube', '--namespace', 'kyma-integration', 'get', 'pod', 'dj-test-gateway-74d99b4d5-nrt6c', '-o', 'json']...
  62.4 TL | [122] captured.
  62.7 TL | [123] Capturing: ['kubectl', '--context', 'minikube', '--namespace', 'kyma-integration', 'get', 'pod', 'dj-test-gateway-74d99b4d5-nrt6c', '-o', 'json']...
  62.8 TL | [123] captured.
  63.0 TL | [124] Capturing: ['kubectl', '--context', 'minikube', '--namespace', 'kyma-integration', 'get', 'pod', 'dj-test-gateway-74d99b4d5-nrt6c', '-o', 'json']...
  63.2 TL | [124] captured.
  63.4 TL | [125] Capturing: ['kubectl', '--context', 'minikube', '--namespace', 'kyma-integration', 'get', 'pod', 'dj-test-gateway-74d99b4d5-nrt6c', '-o', 'json']...
  63.6 TL | [125] captured.
  63.8 TL | [126] Capturing: ['kubectl', '--context', 'minikube', '--namespace', 'kyma-integration', 'get', 'pod', 'dj-test-gateway-74d99b4d5-nrt6c', '-o', 'json']...
  64.0 TL | [126] captured.
  64.3 TL | [127] Capturing: ['kubectl', '--context', 'minikube', '--namespace', 'kyma-integration', 'get', 'pod', 'dj-test-gateway-74d99b4d5-nrt6c', '-o', 'json']...
  64.4 TL | [127] captured.
  64.7 TL | [128] Capturing: ['kubectl', '--context', 'minikube', '--namespace', 'kyma-integration', 'get', 'pod', 'dj-test-gateway-74d99b4d5-nrt6c', '-o', 'json']...
  64.9 TL | [128] captured.
  65.1 TL | [129] Capturing: ['kubectl', '--context', 'minikube', '--namespace', 'kyma-integration', 'get', 'pod', 'dj-test-gateway-74d99b4d5-nrt6c', '-o', 'json']...
  65.2 TL | [129] captured.
  65.5 TL | [130] Capturing: ['kubectl', '--context', 'minikube', '--namespace', 'kyma-integration', 'get', 'pod', 'dj-test-gateway-74d99b4d5-nrt6c', '-o', 'json']...
  65.7 TL | [130] captured.
  65.9 TL | [131] Capturing: ['kubectl', '--context', 'minikube', '--namespace', 'kyma-integration', 'get', 'pod', 'dj-test-gateway-74d99b4d5-nrt6c', '-o', 'json']...
  66.1 TL | [131] captured.
  66.3 TL | [132] Capturing: ['kubectl', '--context', 'minikube', '--namespace', 'kyma-integration', 'get', 'pod', 'dj-test-gateway-74d99b4d5-nrt6c', '-o', 'json']...
  66.5 TL | [132] captured.
  66.7 TL | [133] Capturing: ['kubectl', '--context', 'minikube', '--namespace', 'kyma-integration', 'get', 'pod', 'dj-test-gateway-74d99b4d5-nrt6c', '-o', 'json']...
  66.9 TL | [133] captured.
  67.1 TL | [134] Capturing: ['kubectl', '--context', 'minikube', '--namespace', 'kyma-integration', 'get', 'pod', 'dj-test-gateway-74d99b4d5-nrt6c', '-o', 'json']...
  67.3 TL | [134] captured.
  67.5 TL | [135] Capturing: ['kubectl', '--context', 'minikube', '--namespace', 'kyma-integration', 'get', 'pod', 'dj-test-gateway-74d99b4d5-nrt6c', '-o', 'json']...
  67.7 TL | [135] captured.
  67.9 TL | [136] Capturing: ['kubectl', '--context', 'minikube', '--namespace', 'kyma-integration', 'get', 'pod', 'dj-test-gateway-74d99b4d5-nrt6c', '-o', 'json']...
  68.1 TL | [136] captured.
  68.3 TL | [137] Capturing: ['kubectl', '--context', 'minikube', '--namespace', 'kyma-integration', 'get', 'pod', 'dj-test-gateway-74d99b4d5-nrt6c', '-o', 'json']...
  68.5 TL | [137] captured.
  68.7 TL | [138] Capturing: ['kubectl', '--context', 'minikube', '--namespace', 'kyma-integration', 'get', 'pod', 'dj-test-gateway-74d99b4d5-nrt6c', '-o', 'json']...
  68.9 TL | [138] captured.
  69.2 TL | [139] Capturing: ['kubectl', '--context', 'minikube', '--namespace', 'kyma-integration', 'get', 'pod', 'dj-test-gateway-74d99b4d5-nrt6c', '-o', 'json']...
  69.4 TL | [139] captured.
  69.6 TL | [140] Capturing: ['kubectl', '--context', 'minikube', '--namespace', 'kyma-integration', 'get', 'pod', 'dj-test-gateway-74d99b4d5-nrt6c', '-o', 'json']...
  69.8 TL | [140] captured.
  70.1 TL | [141] Capturing: ['kubectl', '--context', 'minikube', '--namespace', 'kyma-integration', 'get', 'pod', 'dj-test-gateway-74d99b4d5-nrt6c', '-o', 'json']...
  70.2 TL | [141] captured.
  70.5 TL | [142] Capturing: ['kubectl', '--context', 'minikube', '--namespace', 'kyma-integration', 'get', 'pod', 'dj-test-gateway-74d99b4d5-nrt6c', '-o', 'json']...
  70.8 TL | [142] captured.
  71.1 TL | [143] Capturing: ['kubectl', '--context', 'minikube', '--namespace', 'kyma-integration', 'get', 'pod', 'dj-test-gateway-74d99b4d5-nrt6c', '-o', 'json']...
  71.3 TL | [143] captured.
  71.5 TL | [144] Capturing: ['kubectl', '--context', 'minikube', '--namespace', 'kyma-integration', 'get', 'pod', 'dj-test-gateway-74d99b4d5-nrt6c', '-o', 'json']...
  71.7 TL | [144] captured.
  72.0 TL | [145] Capturing: ['kubectl', '--context', 'minikube', '--namespace', 'kyma-integration', 'get', 'pod', 'dj-test-gateway-74d99b4d5-nrt6c', '-o', 'json']...
  72.2 TL | [145] captured.
  72.4 TL | [146] Capturing: ['kubectl', '--context', 'minikube', '--namespace', 'kyma-integration', 'get', 'pod', 'dj-test-gateway-74d99b4d5-nrt6c', '-o', 'json']...
  72.6 TL | [146] captured.
  72.9 TL | [147] Capturing: ['kubectl', '--context', 'minikube', '--namespace', 'kyma-integration', 'get', 'pod', 'dj-test-gateway-74d99b4d5-nrt6c', '-o', 'json']...
  73.2 TL | [147] captured.
  73.4 TL | [148] Capturing: ['kubectl', '--context', 'minikube', '--namespace', 'kyma-integration', 'get', 'pod', 'dj-test-gateway-74d99b4d5-nrt6c', '-o', 'json']...
  73.6 TL | [148] captured.
  73.9 TL | [149] Capturing: ['kubectl', '--context', 'minikube', '--namespace', 'kyma-integration', 'get', 'pod', 'dj-test-gateway-74d99b4d5-nrt6c', '-o', 'json']...
  74.0 TL | [149] captured.
  74.3 TL | [150] Capturing: ['kubectl', '--context', 'minikube', '--namespace', 'kyma-integration', 'get', 'pod', 'dj-test-gateway-74d99b4d5-nrt6c', '-o', 'json']...
  74.5 TL | [150] captured.
  74.8 TL | [151] Capturing: ['kubectl', '--context', 'minikube', '--namespace', 'kyma-integration', 'get', 'pod', 'dj-test-gateway-74d99b4d5-nrt6c', '-o', 'json']...
  75.0 TL | [151] captured.
  75.2 TL | [152] Capturing: ['kubectl', '--context', 'minikube', '--namespace', 'kyma-integration', 'get', 'pod', 'dj-test-gateway-74d99b4d5-nrt6c', '-o', 'json']...
  75.4 TL | [152] captured.
  75.6 TL | [153] Capturing: ['kubectl', '--context', 'minikube', '--namespace', 'kyma-integration', 'get', 'pod', 'dj-test-gateway-74d99b4d5-nrt6c', '-o', 'json']...
  76.3 TL | [153] captured.
  76.5 TL | [154] Capturing: ['kubectl', '--context', 'minikube', '--namespace', 'kyma-integration', 'get', 'pod', 'dj-test-gateway-74d99b4d5-nrt6c', '-o', 'json']...
  76.8 TL | [154] captured.
  77.1 TL | [155] Capturing: ['kubectl', '--context', 'minikube', '--namespace', 'kyma-integration', 'get', 'pod', 'dj-test-gateway-74d99b4d5-nrt6c', '-o', 'json']...
  77.2 TL | [155] captured.
  77.5 TL | [156] Capturing: ['kubectl', '--context', 'minikube', '--namespace', 'kyma-integration', 'get', 'pod', 'dj-test-gateway-74d99b4d5-nrt6c', '-o', 'json']...
  77.6 TL | [156] captured.
  77.9 TL | [157] Capturing: ['kubectl', '--context', 'minikube', '--namespace', 'kyma-integration', 'get', 'pod', 'dj-test-gateway-74d99b4d5-nrt6c', '-o', 'json']...
  78.1 TL | [157] captured.
  78.3 TL | [158] Capturing: ['kubectl', '--context', 'minikube', '--namespace', 'kyma-integration', 'get', 'pod', 'dj-test-gateway-74d99b4d5-nrt6c', '-o', 'json']...
  78.5 TL | [158] captured.
  78.7 TL | [159] Capturing: ['kubectl', '--context', 'minikube', '--namespace', 'kyma-integration', 'get', 'pod', 'dj-test-gateway-74d99b4d5-nrt6c', '-o', 'json']...
  78.9 TL | [159] captured.
  79.1 TL | [160] Capturing: ['kubectl', '--context', 'minikube', '--namespace', 'kyma-integration', 'get', 'pod', 'dj-test-gateway-74d99b4d5-nrt6c', '-o', 'json']...
  79.3 TL | [160] captured.
  79.5 TL | [161] Capturing: ['kubectl', '--context', 'minikube', '--namespace', 'kyma-integration', 'get', 'pod', 'dj-test-gateway-74d99b4d5-nrt6c', '-o', 'json']...
  79.7 TL | [161] captured.
  80.0 TL | [162] Capturing: ['kubectl', '--context', 'minikube', '--namespace', 'kyma-integration', 'get', 'pod', 'dj-test-gateway-74d99b4d5-nrt6c', '-o', 'json']...
  80.1 TL | [162] captured.
  80.4 TL | [163] Capturing: ['kubectl', '--context', 'minikube', '--namespace', 'kyma-integration', 'get', 'pod', 'dj-test-gateway-74d99b4d5-nrt6c', '-o', 'json']...
  80.6 TL | [163] captured.
  80.8 TL | [164] Capturing: ['kubectl', '--context', 'minikube', '--namespace', 'kyma-integration', 'get', 'pod', 'dj-test-gateway-74d99b4d5-nrt6c', '-o', 'json']...
  81.0 TL | [164] captured.
  81.2 TL | [165] Capturing: ['kubectl', '--context', 'minikube', '--namespace', 'kyma-integration', 'get', 'pod', 'dj-test-gateway-74d99b4d5-nrt6c', '-o', 'json']...
  81.4 TL | [165] captured.
  81.6 TL | [166] Capturing: ['kubectl', '--context', 'minikube', '--namespace', 'kyma-integration', 'get', 'pod', 'dj-test-gateway-74d99b4d5-nrt6c', '-o', 'json']...
  81.8 TL | [166] captured.
  82.0 TL | [167] Capturing: ['kubectl', '--context', 'minikube', '--namespace', 'kyma-integration', 'get', 'pod', 'dj-test-gateway-74d99b4d5-nrt6c', '-o', 'json']...
  82.2 TL | [167] captured.
  82.4 TL | [168] Capturing: ['kubectl', '--context', 'minikube', '--namespace', 'kyma-integration', 'get', 'pod', 'dj-test-gateway-74d99b4d5-nrt6c', '-o', 'json']...
  82.5 TL | [168] captured.
  82.8 TL | [169] Capturing: ['kubectl', '--context', 'minikube', '--namespace', 'kyma-integration', 'get', 'pod', 'dj-test-gateway-74d99b4d5-nrt6c', '-o', 'json']...
  82.9 TL | [169] captured.
  83.2 TL | [170] Capturing: ['kubectl', '--context', 'minikube', '--namespace', 'kyma-integration', 'get', 'pod', 'dj-test-gateway-74d99b4d5-nrt6c', '-o', 'json']...
  83.3 TL | [170] captured.
  83.6 TL | [171] Capturing: ['kubectl', '--context', 'minikube', '--namespace', 'kyma-integration', 'get', 'pod', 'dj-test-gateway-74d99b4d5-nrt6c', '-o', 'json']...
  83.9 TL | [171] captured.
  84.1 TL | [172] Capturing: ['kubectl', '--context', 'minikube', '--namespace', 'kyma-integration', 'get', 'pod', 'dj-test-gateway-74d99b4d5-nrt6c', '-o', 'json']...
  84.2 TL | [172] captured.
  84.5 TL | [173] Capturing: ['kubectl', '--context', 'minikube', '--namespace', 'kyma-integration', 'get', 'pod', 'dj-test-gateway-74d99b4d5-nrt6c', '-o', 'json']...
  84.7 TL | [173] captured.
  84.9 TL | [174] Capturing: ['kubectl', '--context', 'minikube', '--namespace', 'kyma-integration', 'get', 'pod', 'dj-test-gateway-74d99b4d5-nrt6c', '-o', 'json']...
  85.0 TL | [174] captured.
  85.3 TL | [175] Capturing: ['kubectl', '--context', 'minikube', '--namespace', 'kyma-integration', 'get', 'pod', 'dj-test-gateway-74d99b4d5-nrt6c', '-o', 'json']...
  85.5 TL | [175] captured.
  85.7 TL | [176] Capturing: ['kubectl', '--context', 'minikube', '--namespace', 'kyma-integration', 'get', 'pod', 'dj-test-gateway-74d99b4d5-nrt6c', '-o', 'json']...
  85.9 TL | [176] captured.
  86.1 TL | [177] Capturing: ['kubectl', '--context', 'minikube', '--namespace', 'kyma-integration', 'get', 'pod', 'dj-test-gateway-74d99b4d5-nrt6c', '-o', 'json']...
  86.4 TL | [177] captured.
  86.6 TL | [178] Capturing: ['kubectl', '--context', 'minikube', '--namespace', 'kyma-integration', 'get', 'pod', 'dj-test-gateway-74d99b4d5-nrt6c', '-o', 'json']...
  86.9 TL | [178] captured.
  87.1 TL | [179] Capturing: ['kubectl', '--context', 'minikube', '--namespace', 'kyma-integration', 'get', 'pod', 'dj-test-gateway-74d99b4d5-nrt6c', '-o', 'json']...
  87.2 TL | [179] captured.
  87.5 TL | [180] Capturing: ['kubectl', '--context', 'minikube', '--namespace', 'kyma-integration', 'get', 'pod', 'dj-test-gateway-74d99b4d5-nrt6c', '-o', 'json']...
  87.6 TL | [180] captured.
  87.9 TL | [181] Capturing: ['kubectl', '--context', 'minikube', '--namespace', 'kyma-integration', 'get', 'pod', 'dj-test-gateway-74d99b4d5-nrt6c', '-o', 'json']...
  88.0 TL | [181] captured.
  88.3 TL | [182] Capturing: ['kubectl', '--context', 'minikube', '--namespace', 'kyma-integration', 'get', 'pod', 'dj-test-gateway-74d99b4d5-nrt6c', '-o', 'json']...
  88.4 TL | [182] captured.
  88.7 TL | [183] Capturing: ['kubectl', '--context', 'minikube', '--namespace', 'kyma-integration', 'get', 'pod', 'dj-test-gateway-74d99b4d5-nrt6c', '-o', 'json']...
  88.9 TL | [183] captured.
  89.1 TL | [184] Capturing: ['kubectl', '--context', 'minikube', '--namespace', 'kyma-integration', 'get', 'pod', 'dj-test-gateway-74d99b4d5-nrt6c', '-o', 'json']...
  89.3 TL | [184] captured.
  89.6 TL | [185] Capturing: ['kubectl', '--context', 'minikube', '--namespace', 'kyma-integration', 'get', 'pod', 'dj-test-gateway-74d99b4d5-nrt6c', '-o', 'json']...
  89.8 TL | [185] captured.
  90.0 TL | [186] Capturing: ['kubectl', '--context', 'minikube', '--namespace', 'kyma-integration', 'get', 'pod', 'dj-test-gateway-74d99b4d5-nrt6c', '-o', 'json']...
  90.2 TL | [186] captured.
  90.4 TL | [187] Capturing: ['kubectl', '--context', 'minikube', '--namespace', 'kyma-integration', 'get', 'pod', 'dj-test-gateway-74d99b4d5-nrt6c', '-o', 'json']...
  90.7 TL | [187] captured.
  90.9 TL | [188] Capturing: ['kubectl', '--context', 'minikube', '--namespace', 'kyma-integration', 'get', 'pod', 'dj-test-gateway-74d99b4d5-nrt6c', '-o', 'json']...
  91.1 TL | [188] captured.
  91.3 TL | [189] Capturing: ['kubectl', '--context', 'minikube', '--namespace', 'kyma-integration', 'get', 'pod', 'dj-test-gateway-74d99b4d5-nrt6c', '-o', 'json']...
  91.7 TL | [189] captured.
  92.0 TL | [190] Capturing: ['kubectl', '--context', 'minikube', '--namespace', 'kyma-integration', 'get', 'pod', 'dj-test-gateway-74d99b4d5-nrt6c', '-o', 'json']...
  92.1 TL | [190] captured.
  92.4 TL | [191] Capturing: ['kubectl', '--context', 'minikube', '--namespace', 'kyma-integration', 'get', 'pod', 'dj-test-gateway-74d99b4d5-nrt6c', '-o', 'json']...
  92.5 TL | [191] captured.
  92.8 TL | [192] Capturing: ['kubectl', '--context', 'minikube', '--namespace', 'kyma-integration', 'get', 'pod', 'dj-test-gateway-74d99b4d5-nrt6c', '-o', 'json']...
  93.0 TL | [192] captured.
  93.2 TL | [193] Capturing: ['kubectl', '--context', 'minikube', '--namespace', 'kyma-integration', 'get', 'pod', 'dj-test-gateway-74d99b4d5-nrt6c', '-o', 'json']...
  93.4 TL | [193] captured.
  93.6 TL | [194] Capturing: ['kubectl', '--context', 'minikube', '--namespace', 'kyma-integration', 'get', 'pod', 'dj-test-gateway-74d99b4d5-nrt6c', '-o', 'json']...
  93.8 TL | [194] captured.
  94.0 TL | [195] Capturing: ['kubectl', '--context', 'minikube', '--namespace', 'kyma-integration', 'get', 'pod', 'dj-test-gateway-74d99b4d5-nrt6c', '-o', 'json']...
  94.2 TL | [195] captured.
  94.4 TL | [196] Capturing: ['kubectl', '--context', 'minikube', '--namespace', 'kyma-integration', 'get', 'pod', 'dj-test-gateway-74d99b4d5-nrt6c', '-o', 'json']...
  94.6 TL | [196] captured.
  94.9 TL | [197] Capturing: ['kubectl', '--context', 'minikube', '--namespace', 'kyma-integration', 'get', 'pod', 'dj-test-gateway-74d99b4d5-nrt6c', '-o', 'json']...
  95.1 TL | [197] captured.
  95.3 TL | [198] Capturing: ['kubectl', '--context', 'minikube', '--namespace', 'kyma-integration', 'get', 'pod', 'dj-test-gateway-74d99b4d5-nrt6c', '-o', 'json']...
  95.5 TL | [198] captured.
  95.8 TL | [199] Capturing: ['kubectl', '--context', 'minikube', '--namespace', 'kyma-integration', 'get', 'pod', 'dj-test-gateway-74d99b4d5-nrt6c', '-o', 'json']...
  95.9 TL | [199] captured.
  96.2 TL | [200] Capturing: ['kubectl', '--context', 'minikube', '--namespace', 'kyma-integration', 'get', 'pod', 'dj-test-gateway-74d99b4d5-nrt6c', '-o', 'json']...
  96.3 TL | [200] captured.
  96.6 TL | [201] Capturing: ['kubectl', '--context', 'minikube', '--namespace', 'kyma-integration', 'get', 'pod', 'dj-test-gateway-74d99b4d5-nrt6c', '-o', 'json']...
  96.8 TL | [201] captured.
  97.0 TL | [202] Capturing: ['kubectl', '--context', 'minikube', '--namespace', 'kyma-integration', 'get', 'pod', 'dj-test-gateway-74d99b4d5-nrt6c', '-o', 'json']...
  97.2 TL | [202] captured.
  97.4 TL | [203] Capturing: ['kubectl', '--context', 'minikube', '--namespace', 'kyma-integration', 'get', 'pod', 'dj-test-gateway-74d99b4d5-nrt6c', '-o', 'json']...
  97.6 TL | [203] captured.
  97.8 TL | [204] Capturing: ['kubectl', '--context', 'minikube', '--namespace', 'kyma-integration', 'get', 'pod', 'dj-test-gateway-74d99b4d5-nrt6c', '-o', 'json']...
  97.9 TL | [204] captured.
  98.2 TL | [205] Capturing: ['kubectl', '--context', 'minikube', '--namespace', 'kyma-integration', 'get', 'pod', 'dj-test-gateway-74d99b4d5-nrt6c', '-o', 'json']...
  98.4 TL | [205] captured.
  98.6 TL | [206] Capturing: ['kubectl', '--context', 'minikube', '--namespace', 'kyma-integration', 'get', 'pod', 'dj-test-gateway-74d99b4d5-nrt6c', '-o', 'json']...
  98.8 TL | [206] captured.
  99.0 TL | [207] Capturing: ['kubectl', '--context', 'minikube', '--namespace', 'kyma-integration', 'get', 'pod', 'dj-test-gateway-74d99b4d5-nrt6c', '-o', 'json']...
  99.2 TL | [207] captured.
  99.4 TL | [208] Capturing: ['kubectl', '--context', 'minikube', '--namespace', 'kyma-integration', 'get', 'pod', 'dj-test-gateway-74d99b4d5-nrt6c', '-o', 'json']...
  99.5 TL | [208] captured.
  99.8 TL | [209] Capturing: ['kubectl', '--context', 'minikube', '--namespace', 'kyma-integration', 'get', 'pod', 'dj-test-gateway-74d99b4d5-nrt6c', '-o', 'json']...
  99.9 TL | [209] captured.
 100.2 TL | [210] Capturing: ['kubectl', '--context', 'minikube', '--namespace', 'kyma-integration', 'get', 'pod', 'dj-test-gateway-74d99b4d5-nrt6c', '-o', 'json']...
 100.4 TL | [210] captured.
 100.6 TL | [211] Capturing: ['kubectl', '--context', 'minikube', '--namespace', 'kyma-integration', 'get', 'pod', 'dj-test-gateway-74d99b4d5-nrt6c', '-o', 'json']...
 100.8 TL | [211] captured.
 101.1 TL | [212] Capturing: ['kubectl', '--context', 'minikube', '--namespace', 'kyma-integration', 'get', 'pod', 'dj-test-gateway-74d99b4d5-nrt6c', '-o', 'json']...
 101.2 TL | [212] captured.
 101.5 TL | [213] Capturing: ['kubectl', '--context', 'minikube', '--namespace', 'kyma-integration', 'get', 'pod', 'dj-test-gateway-74d99b4d5-nrt6c', '-o', 'json']...
 101.6 TL | [213] captured.
 101.9 TL | [214] Capturing: ['kubectl', '--context', 'minikube', '--namespace', 'kyma-integration', 'get', 'pod', 'dj-test-gateway-74d99b4d5-nrt6c', '-o', 'json']...
 102.0 TL | [214] captured.
 102.3 TL | [215] Capturing: ['kubectl', '--context', 'minikube', '--namespace', 'kyma-integration', 'get', 'pod', 'dj-test-gateway-74d99b4d5-nrt6c', '-o', 'json']...
 102.4 TL | [215] captured.
 102.7 TL | [216] Capturing: ['kubectl', '--context', 'minikube', '--namespace', 'kyma-integration', 'get', 'pod', 'dj-test-gateway-74d99b4d5-nrt6c', '-o', 'json']...
 102.8 TL | [216] captured.
 103.0 TL | [217] Capturing: ['kubectl', '--context', 'minikube', '--namespace', 'kyma-integration', 'get', 'pod', 'dj-test-gateway-74d99b4d5-nrt6c', '-o', 'json']...
 103.2 TL | [217] captured.
 103.4 TL | [218] Capturing: ['kubectl', '--context', 'minikube', '--namespace', 'kyma-integration', 'get', 'pod', 'dj-test-gateway-74d99b4d5-nrt6c', '-o', 'json']...
 103.6 TL | [218] captured.
 103.8 TL | [219] Capturing: ['kubectl', '--context', 'minikube', '--namespace', 'kyma-integration', 'get', 'pod', 'dj-test-gateway-74d99b4d5-nrt6c', '-o', 'json']...
 104.0 TL | [219] captured.
 104.2 TL | [220] Capturing: ['kubectl', '--context', 'minikube', '--namespace', 'kyma-integration', 'get', 'pod', 'dj-test-gateway-74d99b4d5-nrt6c', '-o', 'json']...
 104.4 TL | [220] captured.
 104.6 TL | [221] Capturing: ['kubectl', '--context', 'minikube', '--namespace', 'kyma-integration', 'get', 'pod', 'dj-test-gateway-74d99b4d5-nrt6c', '-o', 'json']...
 104.8 TL | [221] captured.
 105.0 TL | [222] Capturing: ['kubectl', '--context', 'minikube', '--namespace', 'kyma-integration', 'get', 'pod', 'dj-test-gateway-74d99b4d5-nrt6c', '-o', 'json']...
 105.1 TL | [222] captured.
 105.4 TL | [223] Capturing: ['kubectl', '--context', 'minikube', '--namespace', 'kyma-integration', 'get', 'pod', 'dj-test-gateway-74d99b4d5-nrt6c', '-o', 'json']...
 105.5 TL | [223] captured.
 105.8 TL | [224] Capturing: ['kubectl', '--context', 'minikube', '--namespace', 'kyma-integration', 'get', 'pod', 'dj-test-gateway-74d99b4d5-nrt6c', '-o', 'json']...
 105.9 TL | [224] captured.
 106.2 TL | [225] Capturing: ['kubectl', '--context', 'minikube', '--namespace', 'kyma-integration', 'get', 'pod', 'dj-test-gateway-74d99b4d5-nrt6c', '-o', 'json']...
 106.4 TL | [225] captured.
 106.6 TL | [226] Capturing: ['kubectl', '--context', 'minikube', '--namespace', 'kyma-integration', 'get', 'pod', 'dj-test-gateway-74d99b4d5-nrt6c', '-o', 'json']...
 106.8 TL | [226] captured.
 107.0 TL | [227] Capturing: ['kubectl', '--context', 'minikube', '--namespace', 'kyma-integration', 'get', 'pod', 'dj-test-gateway-74d99b4d5-nrt6c', '-o', 'json']...
 107.2 TL | [227] captured.
 107.4 TL | [228] Capturing: ['kubectl', '--context', 'minikube', '--namespace', 'kyma-integration', 'get', 'pod', 'dj-test-gateway-74d99b4d5-nrt6c', '-o', 'json']...
 107.5 TL | [228] captured.
 107.8 TL | [229] Capturing: ['kubectl', '--context', 'minikube', '--namespace', 'kyma-integration', 'get', 'pod', 'dj-test-gateway-74d99b4d5-nrt6c', '-o', 'json']...
 107.9 TL | [229] captured.
 108.2 TL | [230] Capturing: ['kubectl', '--context', 'minikube', '--namespace', 'kyma-integration', 'get', 'pod', 'dj-test-gateway-74d99b4d5-nrt6c', '-o', 'json']...
 108.4 TL | [230] captured.
 108.6 TL | [231] Capturing: ['kubectl', '--context', 'minikube', '--namespace', 'kyma-integration', 'get', 'pod', 'dj-test-gateway-74d99b4d5-nrt6c', '-o', 'json']...
 108.8 TL | [231] captured.
 109.0 TL | [232] Capturing: ['kubectl', '--context', 'minikube', '--namespace', 'kyma-integration', 'get', 'pod', 'dj-test-gateway-74d99b4d5-nrt6c', '-o', 'json']...
 109.2 TL | [232] captured.
 109.5 TL | [233] Capturing: ['kubectl', '--context', 'minikube', '--namespace', 'kyma-integration', 'get', 'pod', 'dj-test-gateway-74d99b4d5-nrt6c', '-o', 'json']...
 109.7 TL | [233] captured.
 109.9 TL | [234] Capturing: ['kubectl', '--context', 'minikube', '--namespace', 'kyma-integration', 'get', 'pod', 'dj-test-gateway-74d99b4d5-nrt6c', '-o', 'json']...
 110.1 TL | [234] captured.
 110.3 TL | [235] Capturing: ['kubectl', '--context', 'minikube', '--namespace', 'kyma-integration', 'get', 'pod', 'dj-test-gateway-74d99b4d5-nrt6c', '-o', 'json']...
 110.5 TL | [235] captured.
 110.7 TL | [236] Capturing: ['kubectl', '--context', 'minikube', '--namespace', 'kyma-integration', 'get', 'pod', 'dj-test-gateway-74d99b4d5-nrt6c', '-o', 'json']...
 110.9 TL | [236] captured.
 111.1 TL | [237] Capturing: ['kubectl', '--context', 'minikube', '--namespace', 'kyma-integration', 'get', 'pod', 'dj-test-gateway-74d99b4d5-nrt6c', '-o', 'json']...
 111.3 TL | [237] captured.
 111.5 TL | [238] Capturing: ['kubectl', '--context', 'minikube', '--namespace', 'kyma-integration', 'get', 'pod', 'dj-test-gateway-74d99b4d5-nrt6c', '-o', 'json']...
 111.7 TL | [238] captured.
 112.0 TL | [239] Capturing: ['kubectl', '--context', 'minikube', '--namespace', 'kyma-integration', 'get', 'pod', 'dj-test-gateway-74d99b4d5-nrt6c', '-o', 'json']...
 112.3 TL | [239] captured.
 112.5 TL | [240] Capturing: ['kubectl', '--context', 'minikube', '--namespace', 'kyma-integration', 'get', 'pod', 'dj-test-gateway-74d99b4d5-nrt6c', '-o', 'json']...
 112.7 TL | [240] captured.
 112.9 TL | [241] Capturing: ['kubectl', '--context', 'minikube', '--namespace', 'kyma-integration', 'get', 'pod', 'dj-test-gateway-74d99b4d5-nrt6c', '-o', 'json']...
 113.0 TL | [241] captured.
 113.3 TL | [242] Capturing: ['kubectl', '--context', 'minikube', '--namespace', 'kyma-integration', 'get', 'pod', 'dj-test-gateway-74d99b4d5-nrt6c', '-o', 'json']...
 113.4 TL | [242] captured.
 113.7 TL | [243] Capturing: ['kubectl', '--context', 'minikube', '--namespace', 'kyma-integration', 'get', 'pod', 'dj-test-gateway-74d99b4d5-nrt6c', '-o', 'json']...
 113.8 TL | [243] captured.
 114.1 TL | [244] Capturing: ['kubectl', '--context', 'minikube', '--namespace', 'kyma-integration', 'get', 'pod', 'dj-test-gateway-74d99b4d5-nrt6c', '-o', 'json']...
 114.2 TL | [244] captured.
 114.5 TL | [245] Capturing: ['kubectl', '--context', 'minikube', '--namespace', 'kyma-integration', 'get', 'pod', 'dj-test-gateway-74d99b4d5-nrt6c', '-o', 'json']...
 114.6 TL | [245] captured.
 114.8 TL | [246] Capturing: ['kubectl', '--context', 'minikube', '--namespace', 'kyma-integration', 'get', 'pod', 'dj-test-gateway-74d99b4d5-nrt6c', '-o', 'json']...
 115.0 TL | [246] captured.
 115.3 TL | [247] Capturing: ['kubectl', '--context', 'minikube', '--namespace', 'kyma-integration', 'get', 'pod', 'dj-test-gateway-74d99b4d5-nrt6c', '-o', 'json']...
 115.5 TL | [247] captured.
 115.7 TL | [248] Capturing: ['kubectl', '--context', 'minikube', '--namespace', 'kyma-integration', 'get', 'pod', 'dj-test-gateway-74d99b4d5-nrt6c', '-o', 'json']...
 115.9 TL | [248] captured.
 116.1 TL | [249] Capturing: ['kubectl', '--context', 'minikube', '--namespace', 'kyma-integration', 'get', 'pod', 'dj-test-gateway-74d99b4d5-nrt6c', '-o', 'json']...
 116.3 TL | [249] captured.
 116.5 TL | [250] Capturing: ['kubectl', '--context', 'minikube', '--namespace', 'kyma-integration', 'get', 'pod', 'dj-test-gateway-74d99b4d5-nrt6c', '-o', 'json']...
 116.7 TL | [250] captured.
 116.9 TL | [251] Capturing: ['kubectl', '--context', 'minikube', '--namespace', 'kyma-integration', 'get', 'pod', 'dj-test-gateway-74d99b4d5-nrt6c', '-o', 'json']...
 117.1 TL | [251] captured.
 117.3 TL | [252] Capturing: ['kubectl', '--context', 'minikube', '--namespace', 'kyma-integration', 'get', 'pod', 'dj-test-gateway-74d99b4d5-nrt6c', '-o', 'json']...
 117.5 TL | [252] captured.
 117.8 TL | [253] Capturing: ['kubectl', '--context', 'minikube', '--namespace', 'kyma-integration', 'get', 'pod', 'dj-test-gateway-74d99b4d5-nrt6c', '-o', 'json']...
 117.9 TL | [253] captured.
 118.2 TL | [254] Capturing: ['kubectl', '--context', 'minikube', '--namespace', 'kyma-integration', 'get', 'pod', 'dj-test-gateway-74d99b4d5-nrt6c', '-o', 'json']...
 118.3 TL | [254] captured.
 118.6 TL | [255] Capturing: ['kubectl', '--context', 'minikube', '--namespace', 'kyma-integration', 'get', 'pod', 'dj-test-gateway-74d99b4d5-nrt6c', '-o', 'json']...
 118.7 TL | [255] captured.
 119.0 TL | [256] Capturing: ['kubectl', '--context', 'minikube', '--namespace', 'kyma-integration', 'get', 'pod', 'dj-test-gateway-74d99b4d5-nrt6c', '-o', 'json']...
 119.1 TL | [256] captured.
 119.3 TL | [257] Capturing: ['kubectl', '--context', 'minikube', '--namespace', 'kyma-integration', 'get', 'pod', 'dj-test-gateway-74d99b4d5-nrt6c', '-o', 'json']...
 119.5 TL | [257] captured.
 119.7 TL | [258] Capturing: ['kubectl', '--context', 'minikube', '--namespace', 'kyma-integration', 'get', 'pod', 'dj-test-gateway-74d99b4d5-nrt6c', '-o', 'json']...
 119.9 TL | [258] captured.
 120.1 TL | [259] Capturing: ['kubectl', '--context', 'minikube', '--namespace', 'kyma-integration', 'get', 'pod', 'dj-test-gateway-74d99b4d5-nrt6c', '-o', 'json']...
 120.3 TL | [259] captured.
 120.6 TL | [260] Capturing: ['kubectl', '--context', 'minikube', '--namespace', 'kyma-integration', 'get', 'pod', 'dj-test-gateway-74d99b4d5-nrt6c', '-o', 'json']...
 120.7 TL | [260] captured.
 120.9 TL | [261] Capturing: ['kubectl', '--context', 'minikube', '--namespace', 'kyma-integration', 'get', 'pod', 'dj-test-gateway-74d99b4d5-nrt6c', '-o', 'json']...
 121.1 TL | [261] captured.
 121.3 TL | [262] Capturing: ['kubectl', '--context', 'minikube', '--namespace', 'kyma-integration', 'get', 'pod', 'dj-test-gateway-74d99b4d5-nrt6c', '-o', 'json']...
 121.5 TL | [262] captured.
 121.7 TL | [263] Capturing: ['kubectl', '--context', 'minikube', '--namespace', 'kyma-integration', 'get', 'pod', 'dj-test-gateway-74d99b4d5-nrt6c', '-o', 'json']...
 121.9 TL | [263] captured.
 122.1 TL | [264] Capturing: ['kubectl', '--context', 'minikube', '--namespace', 'kyma-integration', 'get', 'pod', 'dj-test-gateway-74d99b4d5-nrt6c', '-o', 'json']...
 122.3 TL | [264] captured.
 122.5 TL | [265] Capturing: ['kubectl', '--context', 'minikube', '--namespace', 'kyma-integration', 'get', 'pod', 'dj-test-gateway-74d99b4d5-nrt6c', '-o', 'json']...
 122.6 TL | [265] captured.
 122.9 TL | [266] Capturing: ['kubectl', '--context', 'minikube', '--namespace', 'kyma-integration', 'get', 'pod', 'dj-test-gateway-74d99b4d5-nrt6c', '-o', 'json']...
 123.1 TL | [266] captured.
 123.3 TL | [267] Capturing: ['kubectl', '--context', 'minikube', '--namespace', 'kyma-integration', 'get', 'pod', 'dj-test-gateway-74d99b4d5-nrt6c', '-o', 'json']...
 123.5 TL | [267] captured.
 123.8 TL | [268] Capturing: ['kubectl', '--context', 'minikube', '--namespace', 'kyma-integration', 'get', 'pod', 'dj-test-gateway-74d99b4d5-nrt6c', '-o', 'json']...
 123.9 TL | [268] captured.
 124.1 TL | [269] Capturing: ['kubectl', '--context', 'minikube', '--namespace', 'kyma-integration', 'get', 'pod', 'dj-test-gateway-74d99b4d5-nrt6c', '-o', 'json']...
 124.3 TL | [269] captured.
 124.5 TL | [270] Capturing: ['kubectl', '--context', 'minikube', '--namespace', 'kyma-integration', 'get', 'pod', 'dj-test-gateway-74d99b4d5-nrt6c', '-o', 'json']...
 124.7 TL | [270] captured.
 124.9 TL | [271] Capturing: ['kubectl', '--context', 'minikube', '--namespace', 'kyma-integration', 'get', 'pod', 'dj-test-gateway-74d99b4d5-nrt6c', '-o', 'json']...
 125.0 TL | [271] captured.
 125.3 TL | [272] Capturing: ['kubectl', '--context', 'minikube', '--namespace', 'kyma-integration', 'get', 'pod', 'dj-test-gateway-74d99b4d5-nrt6c', '-o', 'json']...
 125.4 TL | [272] captured.
 125.7 TL | [273] Capturing: ['kubectl', '--context', 'minikube', '--namespace', 'kyma-integration', 'get', 'pod', 'dj-test-gateway-74d99b4d5-nrt6c', '-o', 'json']...
 125.8 TL | [273] captured.
 247.9 TL | [274] Running: ['kubectl', '--context', 'minikube', '--namespace', 'kyma-integration', 'delete', 'deployment', 'dj-test-gateway']...
 251.3 274 | deployment "dj-test-gateway" deleted
 251.3 TL | [274] ran.
 251.3 TL | [275] Running: ['kubectl', '--context', 'minikube', '--namespace', 'kyma-integration', 'apply', '-f', '-']...
 251.5 TL | [275] ran.
 251.5 TL | END SPAN main.py:408(go)  251.4s
 251.5 TL | SPAN SUMMARY:
 251.5 TL |  251.4s main.py:408(go)
 251.5 TL |    0.2s   1 kubectl --context minikube cluster-info
 251.5 TL |    0.0s   2 ssh -V
 251.5 TL |    0.0s   3 which torsocks
 251.5 TL |    0.0s   4 which sshfs
 251.5 TL |    ???   main.py:230(start_proxy)
 251.5 TL |    4.6s     deployment.py:86(swap_deployment)
 251.5 TL |    0.2s       5 kubectl --context minikube --namespace kyma-integration get deployment -o json
 251.5 TL |    4.0s       6 kubectl --context minikube --namespace kyma-integration delete deployment dj-t
 251.5 TL |    0.3s       7 kubectl --context minikube --namespace kyma-integration apply -f -
 251.5 TL |    ???     remote.py:148(get_remote_info)
 251.5 TL |    0.3s       8 kubectl --context minikube --namespace kyma-integration get deployment -o json
 251.5 TL |    0.6s       9 kubectl --context minikube --namespace kyma-integration get pod -o json --expo
 251.5 TL |    0.4s       10 kubectl --context minikube --namespace kyma-integration get pod dj-test-gatew
 251.5 TL |    0.9s       11 kubectl --context minikube --namespace kyma-integration get pod dj-test-gatew
 251.5 TL |    0.4s       12 kubectl --context minikube --namespace kyma-integration get pod dj-test-gatew
 251.5 TL |    3.2s       13 kubectl --context minikube --namespace kyma-integration get pod dj-test-gatew
 251.5 TL |    0.3s       14 kubectl --context minikube --namespace kyma-integration get pod dj-test-gatew
 251.5 TL |    0.3s       15 kubectl --context minikube --namespace kyma-integration get pod dj-test-gatew
 251.5 TL |    0.2s       16 kubectl --context minikube --namespace kyma-integration get pod dj-test-gatew
 251.5 TL |    0.4s       17 kubectl --context minikube --namespace kyma-integration get pod dj-test-gatew
 251.5 TL |    0.4s       18 kubectl --context minikube --namespace kyma-integration get pod dj-test-gatew
 251.5 TL |    0.4s       19 kubectl --context minikube --namespace kyma-integration get pod dj-test-gatew
 251.5 TL |    0.3s       20 kubectl --context minikube --namespace kyma-integration get pod dj-test-gatew
 251.5 TL |    0.3s       21 kubectl --context minikube --namespace kyma-integration get pod dj-test-gatew
 251.5 TL |    0.5s       22 kubectl --context minikube --namespace kyma-integration get pod dj-test-gatew
 251.5 TL |    0.2s       23 kubectl --context minikube --namespace kyma-integration get pod dj-test-gatew
 251.5 TL |    0.9s       24 kubectl --context minikube --namespace kyma-integration get pod dj-test-gatew
 251.5 TL |    0.3s       25 kubectl --context minikube --namespace kyma-integration get pod dj-test-gatew
 251.5 TL |    0.3s       26 kubectl --context minikube --namespace kyma-integration get pod dj-test-gatew
 251.5 TL |    0.3s       27 kubectl --context minikube --namespace kyma-integration get pod dj-test-gatew
 251.5 TL |    0.2s       28 kubectl --context minikube --namespace kyma-integration get pod dj-test-gatew
 251.5 TL |    0.2s       29 kubectl --context minikube --namespace kyma-integration get pod dj-test-gatew
 251.5 TL |    0.2s       30 kubectl --context minikube --namespace kyma-integration get pod dj-test-gatew
 251.5 TL |    0.2s       31 kubectl --context minikube --namespace kyma-integration get pod dj-test-gatew
 251.5 TL |    0.2s       32 kubectl --context minikube --namespace kyma-integration get pod dj-test-gatew
 251.5 TL |    0.3s       33 kubectl --context minikube --namespace kyma-integration get pod dj-test-gatew
 251.5 TL |    0.3s       34 kubectl --context minikube --namespace kyma-integration get pod dj-test-gatew
 251.5 TL |    0.5s       35 kubectl --context minikube --namespace kyma-integration get pod dj-test-gatew
 251.5 TL |    0.4s       36 kubectl --context minikube --namespace kyma-integration get pod dj-test-gatew
 251.5 TL |    0.4s       37 kubectl --context minikube --namespace kyma-integration get pod dj-test-gatew
 251.5 TL |    0.2s       38 kubectl --context minikube --namespace kyma-integration get pod dj-test-gatew
 251.5 TL |    0.3s       39 kubectl --context minikube --namespace kyma-integration get pod dj-test-gatew
 251.5 TL |    0.2s       40 kubectl --context minikube --namespace kyma-integration get pod dj-test-gatew
 251.5 TL |    0.2s       41 kubectl --context minikube --namespace kyma-integration get pod dj-test-gatew
 251.5 TL |    0.2s       42 kubectl --context minikube --namespace kyma-integration get pod dj-test-gatew
 251.5 TL |    0.2s       43 kubectl --context minikube --namespace kyma-integration get pod dj-test-gatew
 251.5 TL |    0.2s       44 kubectl --context minikube --namespace kyma-integration get pod dj-test-gatew
 251.5 TL |    0.2s       45 kubectl --context minikube --namespace kyma-integration get pod dj-test-gatew
 251.5 TL |    0.2s       46 kubectl --context minikube --namespace kyma-integration get pod dj-test-gatew
 251.5 TL |    0.3s       47 kubectl --context minikube --namespace kyma-integration get pod dj-test-gatew
 251.5 TL |    0.2s       48 kubectl --context minikube --namespace kyma-integration get pod dj-test-gatew
 251.5 TL |    0.3s       49 kubectl --context minikube --namespace kyma-integration get pod dj-test-gatew
 251.5 TL |    0.7s       50 kubectl --context minikube --namespace kyma-integration get pod dj-test-gatew
 251.5 TL |    0.2s       51 kubectl --context minikube --namespace kyma-integration get pod dj-test-gatew
 251.5 TL |    0.2s       52 kubectl --context minikube --namespace kyma-integration get pod dj-test-gatew
 251.5 TL |    0.2s       53 kubectl --context minikube --namespace kyma-integration get pod dj-test-gatew
 251.5 TL |    0.2s       54 kubectl --context minikube --namespace kyma-integration get pod dj-test-gatew
 251.5 TL |    0.2s       55 kubectl --context minikube --namespace kyma-integration get pod dj-test-gatew
 251.5 TL |    0.2s       56 kubectl --context minikube --namespace kyma-integration get pod dj-test-gatew
 251.5 TL |    0.2s       57 kubectl --context minikube --namespace kyma-integration get pod dj-test-gatew
 251.5 TL |    0.2s       58 kubectl --context minikube --namespace kyma-integration get pod dj-test-gatew
 251.5 TL |    0.2s       59 kubectl --context minikube --namespace kyma-integration get pod dj-test-gatew
 251.5 TL |    0.2s       60 kubectl --context minikube --namespace kyma-integration get pod dj-test-gatew
 251.5 TL |    0.1s       61 kubectl --context minikube --namespace kyma-integration get pod dj-test-gatew
 251.5 TL |    0.1s       62 kubectl --context minikube --namespace kyma-integration get pod dj-test-gatew
 251.5 TL |    0.1s       63 kubectl --context minikube --namespace kyma-integration get pod dj-test-gatew
 251.5 TL |    0.1s       64 kubectl --context minikube --namespace kyma-integration get pod dj-test-gatew
 251.5 TL |    0.1s       65 kubectl --context minikube --namespace kyma-integration get pod dj-test-gatew
 251.5 TL |    0.2s       66 kubectl --context minikube --namespace kyma-integration get pod dj-test-gatew
 251.5 TL |    0.1s       67 kubectl --context minikube --namespace kyma-integration get pod dj-test-gatew
 251.5 TL |    0.2s       68 kubectl --context minikube --namespace kyma-integration get pod dj-test-gatew
 251.5 TL |    0.2s       69 kubectl --context minikube --namespace kyma-integration get pod dj-test-gatew
 251.5 TL |    0.2s       70 kubectl --context minikube --namespace kyma-integration get pod dj-test-gatew
 251.5 TL |    0.2s       71 kubectl --context minikube --namespace kyma-integration get pod dj-test-gatew
 251.5 TL |    0.2s       72 kubectl --context minikube --namespace kyma-integration get pod dj-test-gatew
 251.5 TL |    0.1s       73 kubectl --context minikube --namespace kyma-integration get pod dj-test-gatew
 251.5 TL |    0.2s       74 kubectl --context minikube --namespace kyma-integration get pod dj-test-gatew
 251.5 TL |    0.1s       75 kubectl --context minikube --namespace kyma-integration get pod dj-test-gatew
 251.5 TL |    0.2s       76 kubectl --context minikube --namespace kyma-integration get pod dj-test-gatew
 251.5 TL |    0.1s       77 kubectl --context minikube --namespace kyma-integration get pod dj-test-gatew
 251.5 TL |    0.2s       78 kubectl --context minikube --namespace kyma-integration get pod dj-test-gatew
 251.5 TL |    0.2s       79 kubectl --context minikube --namespace kyma-integration get pod dj-test-gatew
 251.5 TL |    0.1s       80 kubectl --context minikube --namespace kyma-integration get pod dj-test-gatew
 251.5 TL |    0.2s       81 kubectl --context minikube --namespace kyma-integration get pod dj-test-gatew
 251.5 TL |    0.1s       82 kubectl --context minikube --namespace kyma-integration get pod dj-test-gatew
 251.5 TL |    0.1s       83 kubectl --context minikube --namespace kyma-integration get pod dj-test-gatew
 251.5 TL |    0.2s       84 kubectl --context minikube --namespace kyma-integration get pod dj-test-gatew
 251.5 TL |    0.1s       85 kubectl --context minikube --namespace kyma-integration get pod dj-test-gatew
 251.5 TL |    0.1s       86 kubectl --context minikube --namespace kyma-integration get pod dj-test-gatew
 251.5 TL |    0.1s       87 kubectl --context minikube --namespace kyma-integration get pod dj-test-gatew
 251.5 TL |    0.2s       88 kubectl --context minikube --namespace kyma-integration get pod dj-test-gatew
 251.5 TL |    0.1s       89 kubectl --context minikube --namespace kyma-integration get pod dj-test-gatew
 251.5 TL |    0.1s       90 kubectl --context minikube --namespace kyma-integration get pod dj-test-gatew
 251.5 TL |    0.2s       91 kubectl --context minikube --namespace kyma-integration get pod dj-test-gatew
 251.5 TL |    0.1s       92 kubectl --context minikube --namespace kyma-integration get pod dj-test-gatew
 251.5 TL |    0.1s       93 kubectl --context minikube --namespace kyma-integration get pod dj-test-gatew
 251.5 TL |    0.2s       94 kubectl --context minikube --namespace kyma-integration get pod dj-test-gatew
 251.5 TL |    0.2s       95 kubectl --context minikube --namespace kyma-integration get pod dj-test-gatew
 251.5 TL |    0.1s       96 kubectl --context minikube --namespace kyma-integration get pod dj-test-gatew
 251.5 TL |    0.2s       97 kubectl --context minikube --namespace kyma-integration get pod dj-test-gatew
 251.5 TL |    0.1s       98 kubectl --context minikube --namespace kyma-integration get pod dj-test-gatew
 251.5 TL |    0.1s       99 kubectl --context minikube --namespace kyma-integration get pod dj-test-gatew
 251.5 TL |    0.1s       100 kubectl --context minikube --namespace kyma-integration get pod dj-test-gate
 251.5 TL |    0.1s       101 kubectl --context minikube --namespace kyma-integration get pod dj-test-gate
 251.5 TL |    0.1s       102 kubectl --context minikube --namespace kyma-integration get pod dj-test-gate
 251.5 TL |    0.2s       103 kubectl --context minikube --namespace kyma-integration get pod dj-test-gate
 251.5 TL |    0.1s       104 kubectl --context minikube --namespace kyma-integration get pod dj-test-gate
 251.5 TL |    0.1s       105 kubectl --context minikube --namespace kyma-integration get pod dj-test-gate
 251.5 TL |    0.1s       106 kubectl --context minikube --namespace kyma-integration get pod dj-test-gate
 251.5 TL |    0.2s       107 kubectl --context minikube --namespace kyma-integration get pod dj-test-gate
 251.5 TL |    0.1s       108 kubectl --context minikube --namespace kyma-integration get pod dj-test-gate
 251.5 TL |    0.2s       109 kubectl --context minikube --namespace kyma-integration get pod dj-test-gate
 251.5 TL |    0.2s       110 kubectl --context minikube --namespace kyma-integration get pod dj-test-gate
 251.5 TL |    0.1s       111 kubectl --context minikube --namespace kyma-integration get pod dj-test-gate
 251.5 TL |    0.2s       112 kubectl --context minikube --namespace kyma-integration get pod dj-test-gate
 251.5 TL |    0.2s       113 kubectl --context minikube --namespace kyma-integration get pod dj-test-gate
 251.5 TL |    0.1s       114 kubectl --context minikube --namespace kyma-integration get pod dj-test-gate
 251.5 TL |    0.1s       115 kubectl --context minikube --namespace kyma-integration get pod dj-test-gate
 251.5 TL |    0.2s       116 kubectl --context minikube --namespace kyma-integration get pod dj-test-gate
 251.5 TL |    0.2s       117 kubectl --context minikube --namespace kyma-integration get pod dj-test-gate
 251.5 TL |    0.1s       118 kubectl --context minikube --namespace kyma-integration get pod dj-test-gate
 251.5 TL |    0.1s       119 kubectl --context minikube --namespace kyma-integration get pod dj-test-gate
 251.5 TL |    0.2s       120 kubectl --context minikube --namespace kyma-integration get pod dj-test-gate
 251.5 TL |    0.1s       121 kubectl --context minikube --namespace kyma-integration get pod dj-test-gate
 251.5 TL |    0.1s       122 kubectl --context minikube --namespace kyma-integration get pod dj-test-gate
 251.5 TL |    0.1s       123 kubectl --context minikube --namespace kyma-integration get pod dj-test-gate
 251.5 TL |    0.2s       124 kubectl --context minikube --namespace kyma-integration get pod dj-test-gate
 251.5 TL |    0.1s       125 kubectl --context minikube --namespace kyma-integration get pod dj-test-gate
 251.5 TL |    0.2s       126 kubectl --context minikube --namespace kyma-integration get pod dj-test-gate
 251.5 TL |    0.1s       127 kubectl --context minikube --namespace kyma-integration get pod dj-test-gate
 251.5 TL |    0.2s       128 kubectl --context minikube --namespace kyma-integration get pod dj-test-gate
 251.5 TL |    0.1s       129 kubectl --context minikube --namespace kyma-integration get pod dj-test-gate
 251.5 TL |    0.2s       130 kubectl --context minikube --namespace kyma-integration get pod dj-test-gate
 251.5 TL |    0.2s       131 kubectl --context minikube --namespace kyma-integration get pod dj-test-gate
 251.5 TL |    0.2s       132 kubectl --context minikube --namespace kyma-integration get pod dj-test-gate
 251.5 TL |    0.2s       133 kubectl --context minikube --namespace kyma-integration get pod dj-test-gate
 251.5 TL |    0.1s       134 kubectl --context minikube --namespace kyma-integration get pod dj-test-gate
 251.5 TL |    0.1s       135 kubectl --context minikube --namespace kyma-integration get pod dj-test-gate
 251.5 TL |    0.1s       136 kubectl --context minikube --namespace kyma-integration get pod dj-test-gate
 251.5 TL |    0.1s       137 kubectl --context minikube --namespace kyma-integration get pod dj-test-gate
 251.5 TL |    0.2s       138 kubectl --context minikube --namespace kyma-integration get pod dj-test-gate
 251.5 TL |    0.2s       139 kubectl --context minikube --namespace kyma-integration get pod dj-test-gate
 251.5 TL |    0.2s       140 kubectl --context minikube --namespace kyma-integration get pod dj-test-gate
 251.5 TL |    0.2s       141 kubectl --context minikube --namespace kyma-integration get pod dj-test-gate
 251.5 TL |    0.3s       142 kubectl --context minikube --namespace kyma-integration get pod dj-test-gate
 251.5 TL |    0.2s       143 kubectl --context minikube --namespace kyma-integration get pod dj-test-gate
 251.5 TL |    0.2s       144 kubectl --context minikube --namespace kyma-integration get pod dj-test-gate
 251.5 TL |    0.2s       145 kubectl --context minikube --namespace kyma-integration get pod dj-test-gate
 251.5 TL |    0.2s       146 kubectl --context minikube --namespace kyma-integration get pod dj-test-gate
 251.5 TL |    0.3s       147 kubectl --context minikube --namespace kyma-integration get pod dj-test-gate
 251.5 TL |    0.2s       148 kubectl --context minikube --namespace kyma-integration get pod dj-test-gate
 251.5 TL |    0.2s       149 kubectl --context minikube --namespace kyma-integration get pod dj-test-gate
 251.5 TL |    0.2s       150 kubectl --context minikube --namespace kyma-integration get pod dj-test-gate
 251.5 TL |    0.2s       151 kubectl --context minikube --namespace kyma-integration get pod dj-test-gate
 251.5 TL |    0.2s       152 kubectl --context minikube --namespace kyma-integration get pod dj-test-gate
 251.5 TL |    0.6s       153 kubectl --context minikube --namespace kyma-integration get pod dj-test-gate
 251.5 TL |    0.3s       154 kubectl --context minikube --namespace kyma-integration get pod dj-test-gate
 251.5 TL |    0.1s       155 kubectl --context minikube --namespace kyma-integration get pod dj-test-gate
 251.5 TL |    0.2s       156 kubectl --context minikube --namespace kyma-integration get pod dj-test-gate
 251.5 TL |    0.2s       157 kubectl --context minikube --namespace kyma-integration get pod dj-test-gate
 251.5 TL |    0.2s       158 kubectl --context minikube --namespace kyma-integration get pod dj-test-gate
 251.5 TL |    0.1s       159 kubectl --context minikube --namespace kyma-integration get pod dj-test-gate
 251.5 TL |    0.2s       160 kubectl --context minikube --namespace kyma-integration get pod dj-test-gate
 251.5 TL |    0.2s       161 kubectl --context minikube --namespace kyma-integration get pod dj-test-gate
 251.5 TL |    0.1s       162 kubectl --context minikube --namespace kyma-integration get pod dj-test-gate
 251.5 TL |    0.2s       163 kubectl --context minikube --namespace kyma-integration get pod dj-test-gate
 251.5 TL |    0.1s       164 kubectl --context minikube --namespace kyma-integration get pod dj-test-gate
 251.5 TL |    0.2s       165 kubectl --context minikube --namespace kyma-integration get pod dj-test-gate
 251.5 TL |    0.1s       166 kubectl --context minikube --namespace kyma-integration get pod dj-test-gate
 251.5 TL |    0.1s       167 kubectl --context minikube --namespace kyma-integration get pod dj-test-gate
 251.5 TL |    0.1s       168 kubectl --context minikube --namespace kyma-integration get pod dj-test-gate
 251.5 TL |    0.1s       169 kubectl --context minikube --namespace kyma-integration get pod dj-test-gate
 251.5 TL |    0.1s       170 kubectl --context minikube --namespace kyma-integration get pod dj-test-gate
 251.5 TL |    0.3s       171 kubectl --context minikube --namespace kyma-integration get pod dj-test-gate
 251.5 TL |    0.1s       172 kubectl --context minikube --namespace kyma-integration get pod dj-test-gate
 251.5 TL |    0.2s       173 kubectl --context minikube --namespace kyma-integration get pod dj-test-gate
 251.5 TL |    0.1s       174 kubectl --context minikube --namespace kyma-integration get pod dj-test-gate
 251.5 TL |    0.2s       175 kubectl --context minikube --namespace kyma-integration get pod dj-test-gate
 251.5 TL |    0.2s       176 kubectl --context minikube --namespace kyma-integration get pod dj-test-gate
 251.5 TL |    0.2s       177 kubectl --context minikube --namespace kyma-integration get pod dj-test-gate
 251.5 TL |    0.3s       178 kubectl --context minikube --namespace kyma-integration get pod dj-test-gate
 251.5 TL |    0.1s       179 kubectl --context minikube --namespace kyma-integration get pod dj-test-gate
 251.5 TL |    0.1s       180 kubectl --context minikube --namespace kyma-integration get pod dj-test-gate
 251.5 TL |    0.1s       181 kubectl --context minikube --namespace kyma-integration get pod dj-test-gate
 251.5 TL |    0.1s       182 kubectl --context minikube --namespace kyma-integration get pod dj-test-gate
 251.5 TL |    0.2s       183 kubectl --context minikube --namespace kyma-integration get pod dj-test-gate
 251.5 TL |    0.2s       184 kubectl --context minikube --namespace kyma-integration get pod dj-test-gate
 251.5 TL |    0.2s       185 kubectl --context minikube --namespace kyma-integration get pod dj-test-gate
 251.5 TL |    0.2s       186 kubectl --context minikube --namespace kyma-integration get pod dj-test-gate
 251.5 TL |    0.2s       187 kubectl --context minikube --namespace kyma-integration get pod dj-test-gate
 251.5 TL |    0.1s       188 kubectl --context minikube --namespace kyma-integration get pod dj-test-gate
 251.5 TL |    0.4s       189 kubectl --context minikube --namespace kyma-integration get pod dj-test-gate
 251.5 TL |    0.2s       190 kubectl --context minikube --namespace kyma-integration get pod dj-test-gate
 251.5 TL |    0.2s       191 kubectl --context minikube --namespace kyma-integration get pod dj-test-gate
 251.5 TL |    0.2s       192 kubectl --context minikube --namespace kyma-integration get pod dj-test-gate
 251.5 TL |    0.2s       193 kubectl --context minikube --namespace kyma-integration get pod dj-test-gate
 251.5 TL |    0.1s       194 kubectl --context minikube --namespace kyma-integration get pod dj-test-gate
 251.5 TL |    0.1s       195 kubectl --context minikube --namespace kyma-integration get pod dj-test-gate
 251.5 TL |    0.2s       196 kubectl --context minikube --namespace kyma-integration get pod dj-test-gate
 251.5 TL |    0.2s       197 kubectl --context minikube --namespace kyma-integration get pod dj-test-gate
 251.5 TL |    0.2s       198 kubectl --context minikube --namespace kyma-integration get pod dj-test-gate
 251.5 TL |    0.1s       199 kubectl --context minikube --namespace kyma-integration get pod dj-test-gate
 251.5 TL |    0.2s       200 kubectl --context minikube --namespace kyma-integration get pod dj-test-gate
 251.5 TL |    0.2s       201 kubectl --context minikube --namespace kyma-integration get pod dj-test-gate
 251.5 TL |    0.1s       202 kubectl --context minikube --namespace kyma-integration get pod dj-test-gate
 251.5 TL |    0.1s       203 kubectl --context minikube --namespace kyma-integration get pod dj-test-gate
 251.5 TL |    0.1s       204 kubectl --context minikube --namespace kyma-integration get pod dj-test-gate
 251.5 TL |    0.2s       205 kubectl --context minikube --namespace kyma-integration get pod dj-test-gate
 251.5 TL |    0.1s       206 kubectl --context minikube --namespace kyma-integration get pod dj-test-gate
 251.5 TL |    0.1s       207 kubectl --context minikube --namespace kyma-integration get pod dj-test-gate
 251.5 TL |    0.1s       208 kubectl --context minikube --namespace kyma-integration get pod dj-test-gate
 251.5 TL |    0.2s       209 kubectl --context minikube --namespace kyma-integration get pod dj-test-gate
 251.5 TL |    0.2s       210 kubectl --context minikube --namespace kyma-integration get pod dj-test-gate
 251.5 TL |    0.2s       211 kubectl --context minikube --namespace kyma-integration get pod dj-test-gate
 251.5 TL |    0.1s       212 kubectl --context minikube --namespace kyma-integration get pod dj-test-gate
 251.5 TL |    0.2s       213 kubectl --context minikube --namespace kyma-integration get pod dj-test-gate
 251.5 TL |    0.1s       214 kubectl --context minikube --namespace kyma-integration get pod dj-test-gate
 251.5 TL |    0.1s       215 kubectl --context minikube --namespace kyma-integration get pod dj-test-gate
 251.5 TL |    0.1s       216 kubectl --context minikube --namespace kyma-integration get pod dj-test-gate
 251.5 TL |    0.1s       217 kubectl --context minikube --namespace kyma-integration get pod dj-test-gate
 251.5 TL |    0.2s       218 kubectl --context minikube --namespace kyma-integration get pod dj-test-gate
 251.5 TL |    0.1s       219 kubectl --context minikube --namespace kyma-integration get pod dj-test-gate
 251.5 TL |    0.1s       220 kubectl --context minikube --namespace kyma-integration get pod dj-test-gate
 251.5 TL |    0.1s       221 kubectl --context minikube --namespace kyma-integration get pod dj-test-gate
 251.5 TL |    0.1s       222 kubectl --context minikube --namespace kyma-integration get pod dj-test-gate
 251.5 TL |    0.1s       223 kubectl --context minikube --namespace kyma-integration get pod dj-test-gate
 251.5 TL |    0.1s       224 kubectl --context minikube --namespace kyma-integration get pod dj-test-gate
 251.5 TL |    0.2s       225 kubectl --context minikube --namespace kyma-integration get pod dj-test-gate
 251.5 TL |    0.1s       226 kubectl --context minikube --namespace kyma-integration get pod dj-test-gate
 251.5 TL |    0.1s       227 kubectl --context minikube --namespace kyma-integration get pod dj-test-gate
 251.5 TL |    0.1s       228 kubectl --context minikube --namespace kyma-integration get pod dj-test-gate
 251.5 TL |    0.1s       229 kubectl --context minikube --namespace kyma-integration get pod dj-test-gate
 251.5 TL |    0.2s       230 kubectl --context minikube --namespace kyma-integration get pod dj-test-gate
 251.5 TL |    0.2s       231 kubectl --context minikube --namespace kyma-integration get pod dj-test-gate
 251.5 TL |    0.2s       232 kubectl --context minikube --namespace kyma-integration get pod dj-test-gate
 251.5 TL |    0.2s       233 kubectl --context minikube --namespace kyma-integration get pod dj-test-gate
 251.5 TL |    0.2s       234 kubectl --context minikube --namespace kyma-integration get pod dj-test-gate
 251.5 TL |    0.2s       235 kubectl --context minikube --namespace kyma-integration get pod dj-test-gate
 251.5 TL |    0.1s       236 kubectl --context minikube --namespace kyma-integration get pod dj-test-gate
 251.5 TL |    0.2s       237 kubectl --context minikube --namespace kyma-integration get pod dj-test-gate
 251.5 TL |    0.2s       238 kubectl --context minikube --namespace kyma-integration get pod dj-test-gate
 251.5 TL |    0.3s       239 kubectl --context minikube --namespace kyma-integration get pod dj-test-gate
 251.5 TL |    0.1s       240 kubectl --context minikube --namespace kyma-integration get pod dj-test-gate
 251.5 TL |    0.1s       241 kubectl --context minikube --namespace kyma-integration get pod dj-test-gate
 251.5 TL |    0.2s       242 kubectl --context minikube --namespace kyma-integration get pod dj-test-gate
 251.5 TL |    0.1s       243 kubectl --context minikube --namespace kyma-integration get pod dj-test-gate
 251.5 TL |    0.1s       244 kubectl --context minikube --namespace kyma-integration get pod dj-test-gate
 251.5 TL |    0.1s       245 kubectl --context minikube --namespace kyma-integration get pod dj-test-gate
 251.5 TL |    0.2s       246 kubectl --context minikube --namespace kyma-integration get pod dj-test-gate
 251.5 TL |    0.2s       247 kubectl --context minikube --namespace kyma-integration get pod dj-test-gate
 251.5 TL |    0.1s       248 kubectl --context minikube --namespace kyma-integration get pod dj-test-gate
 251.5 TL |    0.2s       249 kubectl --context minikube --namespace kyma-integration get pod dj-test-gate
 251.5 TL |    0.2s       250 kubectl --context minikube --namespace kyma-integration get pod dj-test-gate
 251.5 TL |    0.1s       251 kubectl --context minikube --namespace kyma-integration get pod dj-test-gate
 251.5 TL |    0.2s       252 kubectl --context minikube --namespace kyma-integration get pod dj-test-gate
 251.5 TL |    0.2s       253 kubectl --context minikube --namespace kyma-integration get pod dj-test-gate
 251.5 TL |    0.1s       254 kubectl --context minikube --namespace kyma-integration get pod dj-test-gate
 251.5 TL |    0.1s       255 kubectl --context minikube --namespace kyma-integration get pod dj-test-gate
 251.5 TL |    0.1s       256 kubectl --context minikube --namespace kyma-integration get pod dj-test-gate
 251.5 TL |    0.1s       257 kubectl --context minikube --namespace kyma-integration get pod dj-test-gate
 251.5 TL |    0.1s       258 kubectl --context minikube --namespace kyma-integration get pod dj-test-gate
 251.5 TL |    0.2s       259 kubectl --context minikube --namespace kyma-integration get pod dj-test-gate
 251.5 TL |    0.1s       260 kubectl --context minikube --namespace kyma-integration get pod dj-test-gate
 251.5 TL |    0.1s       261 kubectl --context minikube --namespace kyma-integration get pod dj-test-gate
 251.5 TL |    0.1s       262 kubectl --context minikube --namespace kyma-integration get pod dj-test-gate
 251.5 TL |    0.1s       263 kubectl --context minikube --namespace kyma-integration get pod dj-test-gate
 251.5 TL |    0.1s       264 kubectl --context minikube --namespace kyma-integration get pod dj-test-gate
 251.5 TL |    0.1s       265 kubectl --context minikube --namespace kyma-integration get pod dj-test-gate
 251.5 TL |    0.2s       266 kubectl --context minikube --namespace kyma-integration get pod dj-test-gate
 251.5 TL |    0.2s       267 kubectl --context minikube --namespace kyma-integration get pod dj-test-gate
 251.5 TL |    0.1s       268 kubectl --context minikube --namespace kyma-integration get pod dj-test-gate
 251.5 TL |    0.1s       269 kubectl --context minikube --namespace kyma-integration get pod dj-test-gate
 251.5 TL |    0.1s       270 kubectl --context minikube --namespace kyma-integration get pod dj-test-gate
 251.5 TL |    0.1s       271 kubectl --context minikube --namespace kyma-integration get pod dj-test-gate
 251.5 TL |    0.1s       272 kubectl --context minikube --namespace kyma-integration get pod dj-test-gate
 251.5 TL |    0.2s       273 kubectl --context minikube --namespace kyma-integration get pod dj-test-gate
 251.5 TL |    3.4s       274 kubectl --context minikube --namespace kyma-integration delete deployment dj
 251.5 TL |    0.2s       275 kubectl --context minikube --namespace kyma-integration apply -f -
